#
# There is insufficient memory for the Java Runtime Environment to continue.
# Native memory allocation (mmap) failed to map 65536 bytes for Failed to commit metaspace.
# Possible reasons:
#   The system is out of physical RAM or swap space
#   The process is running with CompressedOops enabled, and the Java Heap may be blocking the growth of the native heap
# Possible solutions:
#   Reduce memory load on the system
#   Increase physical memory or swap space
#   Check if swap backing store is full
#   Decrease Java heap size (-Xmx/-Xms)
#   Decrease number of Java threads
#   Decrease Java thread stack sizes (-Xss)
#   Set larger code cache with -XX:ReservedCodeCacheSize=
#   JVM is running with Unscaled Compressed Oops mode in which the Java heap is
#     placed in the first 4GB address space. The Java Heap base address is the
#     maximum limit for the native heap growth. Please use -XX:HeapBaseMinAddress
#     to set the Java Heap base and to place the Java Heap above 4GB virtual address.
# This output file may be truncated or incomplete.
#
#  Out of Memory Error (virtualSpaceNode.cpp:110), pid=15900, tid=348
#
# JRE version: Java(TM) SE Runtime Environment (17.0.12+8) (build 17.0.12+8-LTS-286)
# Java VM: Java HotSpot(TM) 64-Bit Server VM (17.0.12+8-LTS-286, mixed mode, sharing, tiered, compressed oops, compressed class ptrs, g1 gc, windows-amd64)
# No core dump will be written. Minidumps are not enabled by default on client versions of Windows
#

---------------  S U M M A R Y ------------

Command Line: -Xmx64m -Xms64m -Dorg.gradle.appname=gradlew C:\Users\Victor\Documents\Freela\parceladiaria\android\\gradle\wrapper\gradle-wrapper.jar app:assembleDebug -x lint -x test --configure-on-demand --build-cache -PreactNativeDevServerPort=8081 -PreactNativeArchitectures=arm64-v8a,armeabi-v7a

Host: AMD Ryzen 5 5600GT with Radeon Graphics        , 12 cores, 15G,  Windows 11 , 64 bit Build 22621 (10.0.22621.5415)
Time: Mon Dec 15 11:19:40 2025 Hora oficial do Brasil elapsed time: 60.617767 seconds (0d 0h 1m 0s)

---------------  T H R E A D  ---------------

Current thread (0x0000025bdd8c9490):  JavaThread "C1 CompilerThread0" daemon [_thread_in_vm, id=348, stack(0x000000e288c00000,0x000000e288d00000)]


Current CompileTask:
C1:  60617 1977       3       java.lang.invoke.MethodHandles$Lookup::in (283 bytes)

Stack: [0x000000e288c00000,0x000000e288d00000]
Native frames: (J=compiled Java code, j=interpreted, Vv=VM code, C=native code)
V  [jvm.dll+0x67a04a]
V  [jvm.dll+0x7da4ed]
V  [jvm.dll+0x7dbe33]
V  [jvm.dll+0x7dc4a3]
V  [jvm.dll+0x24508f]
V  [jvm.dll+0x7d60bb]
V  [jvm.dll+0x6206c6]
V  [jvm.dll+0x62072a]
V  [jvm.dll+0x622f4d]
V  [jvm.dll+0x621086]
V  [jvm.dll+0x63232a]
V  [jvm.dll+0x62b1ba]
V  [jvm.dll+0x1caaa0]
V  [jvm.dll+0x1cac90]
V  [jvm.dll+0x146ef1]
V  [jvm.dll+0x146d35]
V  [jvm.dll+0x13ea01]
V  [jvm.dll+0x140c91]
V  [jvm.dll+0x13f295]
V  [jvm.dll+0x14781a]
V  [jvm.dll+0x146d35]
V  [jvm.dll+0x13ea01]
V  [jvm.dll+0x140c91]
V  [jvm.dll+0x13f295]
V  [jvm.dll+0x14781a]
V  [jvm.dll+0x146d35]
V  [jvm.dll+0x13ea01]
V  [jvm.dll+0x140c91]
V  [jvm.dll+0x13f295]
V  [jvm.dll+0x139333]
V  [jvm.dll+0x148996]
V  [jvm.dll+0x134b10]
V  [jvm.dll+0x134e70]
V  [jvm.dll+0x135148]
V  [jvm.dll+0x1345d1]
V  [jvm.dll+0x1362bd]
V  [jvm.dll+0x22610b]
V  [jvm.dll+0x2242ab]
V  [jvm.dll+0x79075c]
V  [jvm.dll+0x78abea]
V  [jvm.dll+0x678f35]
C  [ucrtbase.dll+0x29333]
C  [KERNEL32.DLL+0x1259d]
C  [ntdll.dll+0x5af78]


---------------  P R O C E S S  ---------------

Threads class SMR info:
_java_thread_list=0x0000025be3350000, length=13, elements={
0x0000025bc3cb9300, 0x0000025bdd8a9010, 0x0000025bdd8a9da0, 0x0000025bdd8be9e0,
0x0000025bdd8bf3a0, 0x0000025bdd8bfd60, 0x0000025bdd8c0720, 0x0000025bdd8c89e0,
0x0000025bdd8c9490, 0x0000025bdd8cc690, 0x0000025bddb1b8b0, 0x0000025bddb20450,
0x0000025be224adf0
}

Java Threads: ( => current thread )
  0x0000025bc3cb9300 JavaThread "main" [_thread_in_vm, id=16864, stack(0x000000e287e00000,0x000000e287f00000)]
  0x0000025bdd8a9010 JavaThread "Reference Handler" daemon [_thread_blocked, id=11872, stack(0x000000e288500000,0x000000e288600000)]
  0x0000025bdd8a9da0 JavaThread "Finalizer" daemon [_thread_blocked, id=4092, stack(0x000000e288600000,0x000000e288700000)]
  0x0000025bdd8be9e0 JavaThread "Signal Dispatcher" daemon [_thread_blocked, id=5136, stack(0x000000e288700000,0x000000e288800000)]
  0x0000025bdd8bf3a0 JavaThread "Attach Listener" daemon [_thread_blocked, id=8480, stack(0x000000e288800000,0x000000e288900000)]
  0x0000025bdd8bfd60 JavaThread "Service Thread" daemon [_thread_blocked, id=12452, stack(0x000000e288900000,0x000000e288a00000)]
  0x0000025bdd8c0720 JavaThread "Monitor Deflation Thread" daemon [_thread_blocked, id=15712, stack(0x000000e288a00000,0x000000e288b00000)]
  0x0000025bdd8c89e0 JavaThread "C2 CompilerThread0" daemon [_thread_blocked, id=17372, stack(0x000000e288b00000,0x000000e288c00000)]
=>0x0000025bdd8c9490 JavaThread "C1 CompilerThread0" daemon [_thread_in_vm, id=348, stack(0x000000e288c00000,0x000000e288d00000)]
  0x0000025bdd8cc690 JavaThread "Sweeper thread" daemon [_thread_blocked, id=17264, stack(0x000000e288d00000,0x000000e288e00000)]
  0x0000025bddb1b8b0 JavaThread "Notification Thread" daemon [_thread_blocked, id=15716, stack(0x000000e288e00000,0x000000e288f00000)]
  0x0000025bddb20450 JavaThread "Common-Cleaner" daemon [_thread_blocked, id=1928, stack(0x000000e289000000,0x000000e289100000)]
  0x0000025be224adf0 JavaThread "pool-1-thread-1" [_thread_blocked, id=13664, stack(0x000000e289600000,0x000000e289700000)]

Other Threads:
  0x0000025bc3d7de80 VMThread "VM Thread" [stack: 0x000000e288400000,0x000000e288500000] [id=15272]
  0x0000025bddb1e1b0 WatcherThread [stack: 0x000000e288f00000,0x000000e289000000] [id=15804]
  0x0000025bc3cd9a70 GCTaskThread "GC Thread#0" [stack: 0x000000e287f00000,0x000000e288000000] [id=18316]
  0x0000025be20f5780 GCTaskThread "GC Thread#1" [stack: 0x000000e289300000,0x000000e289400000] [id=16132]
  0x0000025bddc98030 GCTaskThread "GC Thread#2" [stack: 0x000000e289400000,0x000000e289500000] [id=13712]
  0x0000025bddc982f0 GCTaskThread "GC Thread#3" [stack: 0x000000e289500000,0x000000e289600000] [id=9620]
  0x0000025be2ab67f0 GCTaskThread "GC Thread#4" [stack: 0x000000e289200000,0x000000e289300000] [id=16996]
  0x0000025be2bab850 GCTaskThread "GC Thread#5" [stack: 0x000000e289700000,0x000000e289800000] [id=16820]
  0x0000025be3099bc0 GCTaskThread "GC Thread#6" [stack: 0x000000e289800000,0x000000e289900000] [id=13524]
  0x0000025bc3cdc1e0 ConcurrentGCThread "G1 Main Marker" [stack: 0x000000e288000000,0x000000e288100000] [id=15628]
  0x0000025bc3cdcbf0 ConcurrentGCThread "G1 Conc#0" [stack: 0x000000e288100000,0x000000e288200000] [id=11076]
  0x0000025bc3d63630 ConcurrentGCThread "G1 Refine#0" [stack: 0x000000e288200000,0x000000e288300000] [id=16908]
  0x0000025bc3d64060 ConcurrentGCThread "G1 Service" [stack: 0x000000e288300000,0x000000e288400000] [id=16032]

Threads with active compile tasks:
C1 CompilerThread0    60643 1977       3       java.lang.invoke.MethodHandles$Lookup::in (283 bytes)

VM state: not at safepoint (normal execution)

VM Mutex/Monitor currently owned by a thread:  ([mutex/lock_event])
[0x0000025bc3cb35e0] Metaspace_lock - owner thread: 0x0000025bdd8c9490
[0x0000025bc3cb5130] MethodData_lock - owner thread: 0x0000025bdd8c9490

Heap address: 0x00000000fc000000, size: 64 MB, Compressed Oops mode: 32-bit

CDS archive(s) mapped at: [0x0000025b80000000-0x0000025b80bd0000-0x0000025b80bd0000), size 12386304, SharedBaseAddress: 0x0000025b80000000, ArchiveRelocationMode: 1.
Compressed class space mapped at: 0x0000025b81000000-0x0000025bc1000000, reserved size: 1073741824
Narrow klass base: 0x0000025b80000000, Narrow klass shift: 0, Narrow klass range: 0x100000000

GC Precious Log:
 CPUs: 12 total, 12 available
 Memory: 15665M
 Large Page Support: Disabled
 NUMA Support: Disabled
 Compressed Oops: Enabled (32-bit)
 Heap Region Size: 1M
 Heap Min Capacity: 64M
 Heap Initial Capacity: 64M
 Heap Max Capacity: 64M
 Pre-touch: Disabled
 Parallel Workers: 10
 Concurrent Workers: 3
 Concurrent Refinement Workers: 10
 Periodic GC: Disabled

Heap:
 garbage-first heap   total 65536K, used 20454K [0x00000000fc000000, 0x0000000100000000)
  region size 1024K, 14 young (14336K), 4 survivors (4096K)
 Metaspace       used 9641K, committed 9792K, reserved 1114112K
  class space    used 1271K, committed 1344K, reserved 1048576K

Heap Regions: E=young(eden), S=young(survivor), O=old, HS=humongous(starts), HC=humongous(continues), CS=collection set, F=free, OA=open archive, CA=closed archive, TAMS=top-at-mark-start (previous, next)
|   0|0x00000000fc000000, 0x00000000fc100000, 0x00000000fc100000|100%|HS|  |TAMS 0x00000000fc000000, 0x00000000fc000000| Complete 
|   1|0x00000000fc100000, 0x00000000fc200000, 0x00000000fc200000|100%|HC|  |TAMS 0x00000000fc100000, 0x00000000fc100000| Complete 
|   2|0x00000000fc200000, 0x00000000fc300000, 0x00000000fc300000|100%|HC|  |TAMS 0x00000000fc200000, 0x00000000fc200000| Complete 
|   3|0x00000000fc300000, 0x00000000fc400000, 0x00000000fc400000|100%| O|  |TAMS 0x00000000fc300000, 0x00000000fc300000| Untracked 
|   4|0x00000000fc400000, 0x00000000fc500000, 0x00000000fc500000|100%| O|  |TAMS 0x00000000fc400000, 0x00000000fc400000| Untracked 
|   5|0x00000000fc500000, 0x00000000fc600000, 0x00000000fc600000|100%| O|  |TAMS 0x00000000fc500000, 0x00000000fc500000| Untracked 
|   6|0x00000000fc600000, 0x00000000fc6f9a00, 0x00000000fc700000| 97%| O|  |TAMS 0x00000000fc600000, 0x00000000fc600000| Untracked 
|   7|0x00000000fc700000, 0x00000000fc700000, 0x00000000fc800000|  0%| F|  |TAMS 0x00000000fc700000, 0x00000000fc700000| Untracked 
|   8|0x00000000fc800000, 0x00000000fc800000, 0x00000000fc900000|  0%| F|  |TAMS 0x00000000fc800000, 0x00000000fc800000| Untracked 
|   9|0x00000000fc900000, 0x00000000fc900000, 0x00000000fca00000|  0%| F|  |TAMS 0x00000000fc900000, 0x00000000fc900000| Untracked 
|  10|0x00000000fca00000, 0x00000000fca00000, 0x00000000fcb00000|  0%| F|  |TAMS 0x00000000fca00000, 0x00000000fca00000| Untracked 
|  11|0x00000000fcb00000, 0x00000000fcb00000, 0x00000000fcc00000|  0%| F|  |TAMS 0x00000000fcb00000, 0x00000000fcb00000| Untracked 
|  12|0x00000000fcc00000, 0x00000000fcc00000, 0x00000000fcd00000|  0%| F|  |TAMS 0x00000000fcc00000, 0x00000000fcc00000| Untracked 
|  13|0x00000000fcd00000, 0x00000000fcd00000, 0x00000000fce00000|  0%| F|  |TAMS 0x00000000fcd00000, 0x00000000fcd00000| Untracked 
|  14|0x00000000fce00000, 0x00000000fce00000, 0x00000000fcf00000|  0%| F|  |TAMS 0x00000000fce00000, 0x00000000fce00000| Untracked 
|  15|0x00000000fcf00000, 0x00000000fcf00000, 0x00000000fd000000|  0%| F|  |TAMS 0x00000000fcf00000, 0x00000000fcf00000| Untracked 
|  16|0x00000000fd000000, 0x00000000fd000000, 0x00000000fd100000|  0%| F|  |TAMS 0x00000000fd000000, 0x00000000fd000000| Untracked 
|  17|0x00000000fd100000, 0x00000000fd100000, 0x00000000fd200000|  0%| F|  |TAMS 0x00000000fd100000, 0x00000000fd100000| Untracked 
|  18|0x00000000fd200000, 0x00000000fd200000, 0x00000000fd300000|  0%| F|  |TAMS 0x00000000fd200000, 0x00000000fd200000| Untracked 
|  19|0x00000000fd300000, 0x00000000fd300000, 0x00000000fd400000|  0%| F|  |TAMS 0x00000000fd300000, 0x00000000fd300000| Untracked 
|  20|0x00000000fd400000, 0x00000000fd400000, 0x00000000fd500000|  0%| F|  |TAMS 0x00000000fd400000, 0x00000000fd400000| Untracked 
|  21|0x00000000fd500000, 0x00000000fd500000, 0x00000000fd600000|  0%| F|  |TAMS 0x00000000fd500000, 0x00000000fd500000| Untracked 
|  22|0x00000000fd600000, 0x00000000fd600000, 0x00000000fd700000|  0%| F|  |TAMS 0x00000000fd600000, 0x00000000fd600000| Untracked 
|  23|0x00000000fd700000, 0x00000000fd700000, 0x00000000fd800000|  0%| F|  |TAMS 0x00000000fd700000, 0x00000000fd700000| Untracked 
|  24|0x00000000fd800000, 0x00000000fd800000, 0x00000000fd900000|  0%| F|  |TAMS 0x00000000fd800000, 0x00000000fd800000| Untracked 
|  25|0x00000000fd900000, 0x00000000fd900000, 0x00000000fda00000|  0%| F|  |TAMS 0x00000000fd900000, 0x00000000fd900000| Untracked 
|  26|0x00000000fda00000, 0x00000000fda00000, 0x00000000fdb00000|  0%| F|  |TAMS 0x00000000fda00000, 0x00000000fda00000| Untracked 
|  27|0x00000000fdb00000, 0x00000000fdb00000, 0x00000000fdc00000|  0%| F|  |TAMS 0x00000000fdb00000, 0x00000000fdb00000| Untracked 
|  28|0x00000000fdc00000, 0x00000000fdd00000, 0x00000000fdd00000|100%| S|CS|TAMS 0x00000000fdc00000, 0x00000000fdc00000| Complete 
|  29|0x00000000fdd00000, 0x00000000fde00000, 0x00000000fde00000|100%| S|CS|TAMS 0x00000000fdd00000, 0x00000000fdd00000| Complete 
|  30|0x00000000fde00000, 0x00000000fdf00000, 0x00000000fdf00000|100%| S|CS|TAMS 0x00000000fde00000, 0x00000000fde00000| Complete 
|  31|0x00000000fdf00000, 0x00000000fe000000, 0x00000000fe000000|100%| S|CS|TAMS 0x00000000fdf00000, 0x00000000fdf00000| Complete 
|  32|0x00000000fe000000, 0x00000000fe000000, 0x00000000fe100000|  0%| F|  |TAMS 0x00000000fe000000, 0x00000000fe000000| Untracked 
|  33|0x00000000fe100000, 0x00000000fe100000, 0x00000000fe200000|  0%| F|  |TAMS 0x00000000fe100000, 0x00000000fe100000| Untracked 
|  34|0x00000000fe200000, 0x00000000fe200000, 0x00000000fe300000|  0%| F|  |TAMS 0x00000000fe200000, 0x00000000fe200000| Untracked 
|  35|0x00000000fe300000, 0x00000000fe300000, 0x00000000fe400000|  0%| F|  |TAMS 0x00000000fe300000, 0x00000000fe300000| Untracked 
|  36|0x00000000fe400000, 0x00000000fe400000, 0x00000000fe500000|  0%| F|  |TAMS 0x00000000fe400000, 0x00000000fe400000| Untracked 
|  37|0x00000000fe500000, 0x00000000fe500000, 0x00000000fe600000|  0%| F|  |TAMS 0x00000000fe500000, 0x00000000fe500000| Untracked 
|  38|0x00000000fe600000, 0x00000000fe600000, 0x00000000fe700000|  0%| F|  |TAMS 0x00000000fe600000, 0x00000000fe600000| Untracked 
|  39|0x00000000fe700000, 0x00000000fe700000, 0x00000000fe800000|  0%| F|  |TAMS 0x00000000fe700000, 0x00000000fe700000| Untracked 
|  40|0x00000000fe800000, 0x00000000fe800000, 0x00000000fe900000|  0%| F|  |TAMS 0x00000000fe800000, 0x00000000fe800000| Untracked 
|  41|0x00000000fe900000, 0x00000000fe900000, 0x00000000fea00000|  0%| F|  |TAMS 0x00000000fe900000, 0x00000000fe900000| Untracked 
|  42|0x00000000fea00000, 0x00000000fea00000, 0x00000000feb00000|  0%| F|  |TAMS 0x00000000fea00000, 0x00000000fea00000| Untracked 
|  43|0x00000000feb00000, 0x00000000feb00000, 0x00000000fec00000|  0%| F|  |TAMS 0x00000000feb00000, 0x00000000feb00000| Untracked 
|  44|0x00000000fec00000, 0x00000000fec00000, 0x00000000fed00000|  0%| F|  |TAMS 0x00000000fec00000, 0x00000000fec00000| Untracked 
|  45|0x00000000fed00000, 0x00000000fed00000, 0x00000000fee00000|  0%| F|  |TAMS 0x00000000fed00000, 0x00000000fed00000| Untracked 
|  46|0x00000000fee00000, 0x00000000fee00000, 0x00000000fef00000|  0%| F|  |TAMS 0x00000000fee00000, 0x00000000fee00000| Untracked 
|  47|0x00000000fef00000, 0x00000000fef00000, 0x00000000ff000000|  0%| F|  |TAMS 0x00000000fef00000, 0x00000000fef00000| Untracked 
|  48|0x00000000ff000000, 0x00000000ff000000, 0x00000000ff100000|  0%| F|  |TAMS 0x00000000ff000000, 0x00000000ff000000| Untracked 
|  49|0x00000000ff100000, 0x00000000ff100000, 0x00000000ff200000|  0%| F|  |TAMS 0x00000000ff100000, 0x00000000ff100000| Untracked 
|  50|0x00000000ff200000, 0x00000000ff200000, 0x00000000ff300000|  0%| F|  |TAMS 0x00000000ff200000, 0x00000000ff200000| Untracked 
|  51|0x00000000ff300000, 0x00000000ff300000, 0x00000000ff400000|  0%| F|  |TAMS 0x00000000ff300000, 0x00000000ff300000| Untracked 
|  52|0x00000000ff400000, 0x00000000ff400000, 0x00000000ff500000|  0%| F|  |TAMS 0x00000000ff400000, 0x00000000ff400000| Untracked 
|  53|0x00000000ff500000, 0x00000000ff500000, 0x00000000ff600000|  0%| F|  |TAMS 0x00000000ff500000, 0x00000000ff500000| Untracked 
|  54|0x00000000ff600000, 0x00000000ff600800, 0x00000000ff700000|  0%| E|  |TAMS 0x00000000ff600000, 0x00000000ff600000| Complete 
|  55|0x00000000ff700000, 0x00000000ff800000, 0x00000000ff800000|100%| E|CS|TAMS 0x00000000ff700000, 0x00000000ff700000| Complete 
|  56|0x00000000ff800000, 0x00000000ff900000, 0x00000000ff900000|100%| E|CS|TAMS 0x00000000ff800000, 0x00000000ff800000| Complete 
|  57|0x00000000ff900000, 0x00000000ffa00000, 0x00000000ffa00000|100%| E|CS|TAMS 0x00000000ff900000, 0x00000000ff900000| Complete 
|  58|0x00000000ffa00000, 0x00000000ffb00000, 0x00000000ffb00000|100%| E|CS|TAMS 0x00000000ffa00000, 0x00000000ffa00000| Complete 
|  59|0x00000000ffb00000, 0x00000000ffc00000, 0x00000000ffc00000|100%| E|CS|TAMS 0x00000000ffb00000, 0x00000000ffb00000| Complete 
|  60|0x00000000ffc00000, 0x00000000ffd00000, 0x00000000ffd00000|100%| E|CS|TAMS 0x00000000ffc00000, 0x00000000ffc00000| Complete 
|  61|0x00000000ffd00000, 0x00000000ffe00000, 0x00000000ffe00000|100%| E|CS|TAMS 0x00000000ffd00000, 0x00000000ffd00000| Complete 
|  62|0x00000000ffe00000, 0x00000000fff00000, 0x00000000fff00000|100%| E|CS|TAMS 0x00000000ffe00000, 0x00000000ffe00000| Complete 
|  63|0x00000000fff00000, 0x0000000100000000, 0x0000000100000000|100%| E|CS|TAMS 0x00000000fff00000, 0x00000000fff00000| Complete 

Card table byte_map: [0x0000025bc1c30000,0x0000025bc1c50000] _byte_map_base: 0x0000025bc1450000

Marking Bits (Prev, Next): (CMBitMap*) 0x0000025bc3cdb0a0, (CMBitMap*) 0x0000025bc3cdb0e0
 Prev Bits: [0x0000025bdaad0000, 0x0000025bdabd0000)
 Next Bits: [0x0000025bdabd0000, 0x0000025bdacd0000)

Polling page: 0x0000025bc1be0000

Metaspace:

Usage:
  Non-class:      8.17 MB used.
      Class:      1.24 MB used.
       Both:      9.42 MB used.

Virtual space:
  Non-class space:       64.00 MB reserved,       8.25 MB ( 13%) committed,  1 nodes.
      Class space:        1.00 GB reserved,       1.31 MB ( <1%) committed,  1 nodes.
             Both:        1.06 GB reserved,       9.56 MB ( <1%) committed. 

Chunk freelists:
   Non-Class:  7.66 MB
       Class:  14.51 MB
        Both:  22.16 MB

MaxMetaspaceSize: unlimited
CompressedClassSpaceSize: 1.00 GB
Initial GC threshold: 21.00 MB
Current GC threshold: 21.00 MB
CDS: on
MetaspaceReclaimPolicy: balanced
 - commit_granule_bytes: 65536.
 - commit_granule_words: 8192.
 - virtual_space_node_default_size: 8388608.
 - enlarge_chunks_in_place: 1.
 - new_chunks_are_fully_committed: 0.
 - uncommit_free_chunks: 1.
 - use_allocation_guard: 0.
 - handle_deallocations: 1.


Internal statistics:

num_allocs_failed_limit: 0.
num_arena_births: 80.
num_arena_deaths: 0.
num_vsnodes_births: 2.
num_vsnodes_deaths: 0.
num_space_committed: 153.
num_space_uncommitted: 0.
num_chunks_returned_to_freelist: 0.
num_chunks_taken_from_freelist: 342.
num_chunk_merges: 0.
num_chunk_splits: 229.
num_chunks_enlarged: 182.
num_inconsistent_stats: 0.

CodeHeap 'non-profiled nmethods': size=120000Kb used=964Kb max_used=964Kb free=119036Kb
 bounds [0x0000025bd3040000, 0x0000025bd32b0000, 0x0000025bda570000]
CodeHeap 'profiled nmethods': size=120000Kb used=3677Kb max_used=3677Kb free=116322Kb
 bounds [0x0000025bcb570000, 0x0000025bcb910000, 0x0000025bd2aa0000]
CodeHeap 'non-nmethods': size=5760Kb used=1172Kb max_used=1207Kb free=4587Kb
 bounds [0x0000025bd2aa0000, 0x0000025bd2d10000, 0x0000025bd3040000]
 total_blobs=2445 nmethods=1976 adapters=382
 compilation: enabled
              stopped_count=0, restarted_count=0
 full_count=0

Compilation events (20 events):
Event: 55.426 Thread 0x0000025bdd8c89e0 nmethod 1966 0x0000025bd3130710 code [0x0000025bd3130880, 0x0000025bd3130938]
Event: 57.538 Thread 0x0000025bdd8c9490 1967       3       org.gradle.internal.logging.console.MultiLineBuildProgressArea::isOverlappingWith (44 bytes)
Event: 57.538 Thread 0x0000025bdd8c9490 nmethod 1967 0x0000025bcb902a10 code [0x0000025bcb902c00, 0x0000025bcb903288]
Event: 57.538 Thread 0x0000025bdd8c9490 1968       3       org.gradle.internal.logging.console.DefaultRedrawableLabel::redrawText (102 bytes)
Event: 57.539 Thread 0x0000025bdd8c9490 nmethod 1968 0x0000025bcb903490 code [0x0000025bcb903780, 0x0000025bcb904948]
Event: 59.318 Thread 0x0000025bdd8c89e0 1969       4       java.util.HashMap$HashIterator::hasNext (13 bytes)
Event: 59.319 Thread 0x0000025bdd8c89e0 nmethod 1969 0x0000025bd3130a10 code [0x0000025bd3130b80, 0x0000025bd3130c18]
Event: 60.611 Thread 0x0000025bdd8c9490 1970       3       java.lang.invoke.MethodHandleNatives::refKindIsMethod (19 bytes)
Event: 60.611 Thread 0x0000025bdd8c9490 nmethod 1970 0x0000025bcb905110 code [0x0000025bcb9052c0, 0x0000025bcb905518]
Event: 60.612 Thread 0x0000025bdd8c9490 1971       3       java.util.ImmutableCollections$Set12::iterator (9 bytes)
Event: 60.612 Thread 0x0000025bdd8c9490 nmethod 1971 0x0000025bcb905610 code [0x0000025bcb9057c0, 0x0000025bcb905ab8]
Event: 60.612 Thread 0x0000025bdd8c9490 1972       3       java.util.ImmutableCollections$Set12$1::<init> (32 bytes)
Event: 60.612 Thread 0x0000025bdd8c9490 nmethod 1972 0x0000025bcb905b90 code [0x0000025bcb905d40, 0x0000025bcb905f78]
Event: 60.614 Thread 0x0000025bdd8c9490 1973       3       org.gradle.internal.logging.text.AbstractLineChoppingStyledTextOutput$4::execute (9 bytes)
Event: 60.614 Thread 0x0000025bdd8c9490 nmethod 1973 0x0000025bcb906090 code [0x0000025bcb906260, 0x0000025bcb9067d8]
Event: 60.614 Thread 0x0000025bdd8c9490 1974       3       org.gradle.internal.logging.text.AbstractLineChoppingStyledTextOutput$4::execute (12 bytes)
Event: 60.614 Thread 0x0000025bdd8c9490 nmethod 1974 0x0000025bcb906a10 code [0x0000025bcb906be0, 0x0000025bcb906fb8]
Event: 60.614 Thread 0x0000025bdd8c9490 1975       3       org.gradle.internal.logging.text.AbstractLineChoppingStyledTextOutput$StateContext::flushStartLine (8 bytes)
Event: 60.615 Thread 0x0000025bdd8c9490 nmethod 1975 0x0000025bcb907190 code [0x0000025bcb907320, 0x0000025bcb907518]
Event: 60.615 Thread 0x0000025bdd8c9490 1977       3       java.lang.invoke.MethodHandles$Lookup::in (283 bytes)

GC Heap History (4 events):
Event: 0.384 GC heap before
{Heap before GC invocations=0 (full 0):
 garbage-first heap   total 65536K, used 23552K [0x00000000fc000000, 0x0000000100000000)
  region size 1024K, 23 young (23552K), 0 survivors (0K)
 Metaspace       used 1706K, committed 1792K, reserved 1114112K
  class space    used 158K, committed 192K, reserved 1048576K
}
Event: 0.388 GC heap after
{Heap after GC invocations=1 (full 0):
 garbage-first heap   total 65536K, used 1824K [0x00000000fc000000, 0x0000000100000000)
  region size 1024K, 2 young (2048K), 2 survivors (2048K)
 Metaspace       used 1706K, committed 1792K, reserved 1114112K
  class space    used 158K, committed 192K, reserved 1048576K
}
Event: 0.955 GC heap before
{Heap before GC invocations=1 (full 0):
 garbage-first heap   total 65536K, used 34592K [0x00000000fc000000, 0x0000000100000000)
  region size 1024K, 32 young (32768K), 2 survivors (2048K)
 Metaspace       used 7582K, committed 7744K, reserved 1114112K
  class space    used 1042K, committed 1088K, reserved 1048576K
}
Event: 0.960 GC heap after
{Heap after GC invocations=2 (full 0):
 garbage-first heap   total 65536K, used 11238K [0x00000000fc000000, 0x0000000100000000)
  region size 1024K, 4 young (4096K), 4 survivors (4096K)
 Metaspace       used 7582K, committed 7744K, reserved 1114112K
  class space    used 1042K, committed 1088K, reserved 1048576K
}

Deoptimization events (20 events):
Event: 19.431 Thread 0x0000025be224adf0 DEOPT PACKING pc=0x0000025bd30f44d8 sp=0x000000e2896fdf00
Event: 19.431 Thread 0x0000025be224adf0 DEOPT UNPACKING pc=0x0000025bd2af23a3 sp=0x000000e2896fdec8 mode 2
Event: 21.131 Thread 0x0000025bc3cb9300 DEOPT PACKING pc=0x0000025bcb7fa24d sp=0x000000e287efcae0
Event: 21.131 Thread 0x0000025bc3cb9300 DEOPT UNPACKING pc=0x0000025bd2af2b43 sp=0x000000e287efbf78 mode 0
Event: 39.516 Thread 0x0000025be224adf0 Uncommon trap: trap_request=0xffffff45 fr.pc=0x0000025bd311096c relative=0x0000000000004c6c
Event: 39.516 Thread 0x0000025be224adf0 Uncommon trap: reason=unstable_if action=reinterpret pc=0x0000025bd311096c method=org.gradle.internal.logging.sink.GroupingProgressLogEventGenerator$OperationGroup.maybeFlushOutput(J)V @ 26 c2
Event: 39.516 Thread 0x0000025be224adf0 DEOPT PACKING pc=0x0000025bd311096c sp=0x000000e2896fec30
Event: 39.516 Thread 0x0000025be224adf0 DEOPT UNPACKING pc=0x0000025bd2af23a3 sp=0x000000e2896fea20 mode 2
Event: 41.125 Thread 0x0000025be224adf0 Uncommon trap: trap_request=0xffffff45 fr.pc=0x0000025bd31155b8 relative=0x00000000000018f8
Event: 41.125 Thread 0x0000025be224adf0 Uncommon trap: reason=unstable_if action=reinterpret pc=0x0000025bd31155b8 method=org.gradle.internal.logging.sink.GroupingProgressLogEventGenerator$OperationGroup.maybeFlushOutput(J)V @ 26 c2
Event: 41.125 Thread 0x0000025be224adf0 DEOPT PACKING pc=0x0000025bd31155b8 sp=0x000000e2896feb60
Event: 41.125 Thread 0x0000025be224adf0 DEOPT UNPACKING pc=0x0000025bd2af23a3 sp=0x000000e2896fea18 mode 2
Event: 60.606 Thread 0x0000025bc3cb9300 Uncommon trap: trap_request=0xffffff45 fr.pc=0x0000025bd311ff6c relative=0x00000000000006ec
Event: 60.606 Thread 0x0000025bc3cb9300 Uncommon trap: reason=unstable_if action=reinterpret pc=0x0000025bd311ff6c method=com.esotericsoftware.kryo.io.Input.require(I)I @ 180 c2
Event: 60.606 Thread 0x0000025bc3cb9300 DEOPT PACKING pc=0x0000025bd311ff6c sp=0x000000e287efd2c0
Event: 60.606 Thread 0x0000025bc3cb9300 DEOPT UNPACKING pc=0x0000025bd2af23a3 sp=0x000000e287efcfa0 mode 2
Event: 60.609 Thread 0x0000025bc3cb9300 Uncommon trap: trap_request=0xffffff45 fr.pc=0x0000025bd3128764 relative=0x0000000000003224
Event: 60.609 Thread 0x0000025bc3cb9300 Uncommon trap: reason=unstable_if action=reinterpret pc=0x0000025bd3128764 method=org.gradle.internal.logging.sink.OutputEventTransformer.onOutput(Lorg/gradle/internal/logging/events/OutputEvent;)V @ 325 c2
Event: 60.609 Thread 0x0000025bc3cb9300 DEOPT PACKING pc=0x0000025bd3128764 sp=0x000000e287efced0
Event: 60.609 Thread 0x0000025bc3cb9300 DEOPT UNPACKING pc=0x0000025bd2af23a3 sp=0x000000e287efced8 mode 2

Classes unloaded (0 events):
No events

Classes redefined (0 events):
No events

Internal exceptions (20 events):
Event: 0.627 Thread 0x0000025bc3cb9300 Exception <a 'java/lang/NoSuchMethodError'{0x00000000ff1cac28}: 'int java.lang.invoke.DirectMethodHandle$Holder.invokeSpecial(java.lang.Object, java.lang.Object, java.lang.Object)'> (0x00000000ff1cac28) 
thrown [s\open\src\hotspot\share\interpreter\linkResolver.cpp, line 759]
Event: 0.631 Thread 0x0000025bc3cb9300 Exception <a 'java/lang/NoSuchMethodError'{0x00000000ff008d30}: 'void java.lang.invoke.DirectMethodHandle$Holder.invokeStatic(java.lang.Object, java.lang.Object)'> (0x00000000ff008d30) 
thrown [s\open\src\hotspot\share\interpreter\linkResolver.cpp, line 759]
Event: 0.632 Thread 0x0000025bc3cb9300 Implicit null exception at 0x0000025bd30a4e8f to 0x0000025bd30a53c0
Event: 0.632 Thread 0x0000025bc3cb9300 Implicit null exception at 0x0000025bd308700f to 0x0000025bd3087548
Event: 0.632 Thread 0x0000025bc3cb9300 Implicit null exception at 0x0000025bd307038f to 0x0000025bd3070409
Event: 0.645 Thread 0x0000025bc3cb9300 Exception <a 'java/lang/NoClassDefFoundError'{0x00000000ff084530}: org/slf4j/impl/StaticMarkerBinder> (0x00000000ff084530) 
thrown [s\open\src\hotspot\share\classfile\systemDictionary.cpp, line 245]
Event: 0.674 Thread 0x0000025bc3cb9300 Exception <a 'java/lang/NoSuchMethodError'{0x00000000fefa7330}: 'java.lang.Object java.lang.invoke.Invokers$Holder.invoker(java.lang.Object, java.lang.Object, java.lang.Object)'> (0x00000000fefa7330) 
thrown [s\open\src\hotspot\share\interpreter\linkResolver.cpp, line 759]
Event: 0.675 Thread 0x0000025bc3cb9300 Exception <a 'java/lang/NoSuchMethodError'{0x00000000fefb0488}: 'java.lang.Object java.lang.invoke.DirectMethodHandle$Holder.invokeStatic(java.lang.Object, java.lang.Object, int)'> (0x00000000fefb0488) 
thrown [s\open\src\hotspot\share\interpreter\linkResolver.cpp, line 759]
Event: 0.676 Thread 0x0000025bc3cb9300 Exception <a 'java/lang/NoSuchMethodError'{0x00000000fefbc178}: 'void java.lang.invoke.DelegatingMethodHandle$Holder.delegate(java.lang.Object, java.lang.Object, int, java.lang.Object)'> (0x00000000fefbc178) 
thrown [s\open\src\hotspot\share\interpreter\linkResolver.cpp, line 759]
Event: 0.679 Thread 0x0000025bc3cb9300 Exception <a 'java/lang/NoSuchMethodError'{0x00000000fefcf7c0}: 'java.lang.Object java.lang.invoke.Invokers$Holder.invokeExact_MT(java.lang.Object, java.lang.Object, java.lang.Object, java.lang.Object)'> (0x00000000fefcf7c0) 
thrown [s\open\src\hotspot\share\interpreter\linkResolver.cpp, line 759]
Event: 0.684 Thread 0x0000025bc3cb9300 Exception <a 'java/lang/NoSuchMethodError'{0x00000000feffaa60}: 'java.lang.Object java.lang.invoke.DirectMethodHandle$Holder.invokeVirtual(java.lang.Object, java.lang.Object, java.lang.Object)'> (0x00000000feffaa60) 
thrown [s\open\src\hotspot\share\interpreter\linkResolver.cpp, line 759]
Event: 0.749 Thread 0x0000025bc3cb9300 Exception <a 'java/lang/NoSuchMethodError'{0x00000000fea09540}: 'java.lang.Object java.lang.invoke.DirectMethodHandle$Holder.newInvokeSpecial(java.lang.Object, java.lang.Object, java.lang.Object, java.lang.Object, java.lang.Object)'> (0x00000000fea09540) 
thrown [s\open\src\hotspot\share\interpreter\linkResolver.cpp, line 759]
Event: 0.766 Thread 0x0000025bc3cb9300 Exception <a 'java/lang/NoSuchMethodError'{0x00000000fe9384c8}: 'void java.lang.invoke.DirectMethodHandle$Holder.invokeSpecial(java.lang.Object, java.lang.Object, java.lang.Object)'> (0x00000000fe9384c8) 
thrown [s\open\src\hotspot\share\interpreter\linkResolver.cpp, line 759]
Event: 0.886 Thread 0x0000025bc3cb9300 Exception <a 'java/lang/NoSuchMethodError'{0x00000000fe59fd70}: 'void java.lang.invoke.DirectMethodHandle$Holder.invokeStatic(java.lang.Object, java.lang.Object, java.lang.Object)'> (0x00000000fe59fd70) 
thrown [s\open\src\hotspot\share\interpreter\linkResolver.cpp, line 759]
Event: 0.923 Thread 0x0000025bc3cb9300 Exception <a 'java/lang/NoSuchMethodError'{0x00000000fe287900}: 'java.lang.Object java.lang.invoke.DirectMethodHandle$Holder.newInvokeSpecial(java.lang.Object, java.lang.Object, java.lang.Object, java.lang.Object, java.lang.Object, java.lang.Object, java.lang.Object, java.lang.Object, java.lang.Object, java.lang.Object, java.lang.Object, java.lang.Object, java.lang.Object, java.lang.Object, java.lang.Object, java.lang.Object, java.lang.Object, java.lang.Object, java.lang.Object, java.lang.Object, java.lang
Event: 0.923 Thread 0x0000025bc3cb9300 Exception <a 'java/lang/NoSuchMethodError'{0x00000000fe293f08}: 'java.lang.Object java.lang.invoke.Invokers$Holder.linkToTargetMethod(java.lang.Object, java.lang.Object, java.lang.Object, java.lang.Object, java.lang.Object, java.lang.Object, java.lang.Object, java.lang.Object, java.lang.Object, java.lang.Object, java.lang.Object, java.lang.Object, java.lang.Object, java.lang.Object, java.lang.Object, java.lang.Object, java.lang.Object, java.lang.Object, java.lang.Object, java.lang.Object, java.lang.Object,
Event: 0.954 Thread 0x0000025bc3cb9300 Exception <a 'java/lang/NoSuchMethodError'{0x00000000fe0fa9d8}: 'java.lang.Object java.lang.invoke.DirectMethodHandle$Holder.invokeStaticInit(java.lang.Object, int, int, int, int)'> (0x00000000fe0fa9d8) 
thrown [s\open\src\hotspot\share\interpreter\linkResolver.cpp, line 759]
Event: 0.985 Thread 0x0000025bc3cb9300 Exception <a 'java/lang/NoSuchMethodError'{0x00000000fff51ea0}: 'java.lang.Object java.lang.invoke.DirectMethodHandle$Holder.invokeStaticInit(java.lang.Object, java.lang.Object, int, int, int, int)'> (0x00000000fff51ea0) 
thrown [s\open\src\hotspot\share\interpreter\linkResolver.cpp, line 759]
Event: 1.005 Thread 0x0000025bc3cb9300 Implicit null exception at 0x0000025bd3090ef2 to 0x0000025bd30914c0
Event: 60.605 Thread 0x0000025bc3cb9300 Exception <a 'sun/net/ConnectionResetException'{0x00000000ff8e3f58}: Connection reset> (0x00000000ff8e3f58) 
thrown [s\open\src\hotspot\share\prims\jni.cpp, line 535]

VM Operations (20 events):
Event: 41.791 Executing VM operation: Cleanup
Event: 41.791 Executing VM operation: Cleanup done
Event: 43.806 Executing VM operation: Cleanup
Event: 43.806 Executing VM operation: Cleanup done
Event: 44.815 Executing VM operation: Cleanup
Event: 44.815 Executing VM operation: Cleanup done
Event: 46.826 Executing VM operation: Cleanup
Event: 46.826 Executing VM operation: Cleanup done
Event: 48.849 Executing VM operation: Cleanup
Event: 48.849 Executing VM operation: Cleanup done
Event: 50.864 Executing VM operation: Cleanup
Event: 50.864 Executing VM operation: Cleanup done
Event: 52.881 Executing VM operation: Cleanup
Event: 52.881 Executing VM operation: Cleanup done
Event: 55.906 Executing VM operation: Cleanup
Event: 55.906 Executing VM operation: Cleanup done
Event: 59.949 Executing VM operation: Cleanup
Event: 59.949 Executing VM operation: Cleanup done
Event: 60.256 Executing VM operation: HandshakeAllThreads
Event: 60.256 Executing VM operation: HandshakeAllThreads done

Events (20 events):
Event: 19.431 loading class sun/nio/cs/Surrogate done
Event: 60.605 loading class sun/net/ConnectionResetException
Event: 60.605 loading class sun/net/ConnectionResetException done
Event: 60.610 loading class java/nio/file/FileChannelLinesSpliterator
Event: 60.610 loading class java/nio/file/FileChannelLinesSpliterator done
Event: 60.610 loading class sun/nio/fs/WindowsSecurityDescriptor
Event: 60.610 loading class sun/nio/fs/WindowsSecurityDescriptor done
Event: 60.610 loading class sun/nio/fs/WindowsChannelFactory
Event: 60.610 loading class sun/nio/fs/WindowsChannelFactory done
Event: 60.610 loading class sun/nio/fs/WindowsChannelFactory$1
Event: 60.610 loading class sun/nio/fs/WindowsChannelFactory$1 done
Event: 60.610 loading class sun/nio/fs/WindowsChannelFactory$Flags
Event: 60.610 loading class sun/nio/fs/WindowsChannelFactory$Flags done
Event: 60.610 loading class sun/nio/fs/WindowsChannelFactory$2
Event: 60.611 loading class sun/nio/fs/WindowsChannelFactory$2 done
Event: 60.611 loading class sun/nio/ch/FileChannelImpl$Closer
Event: 60.611 loading class sun/nio/ch/FileChannelImpl$Closer done
Event: 60.613 loading class java/util/stream/Streams$1
Event: 60.613 loading class java/util/stream/Streams$1 done
Event: 60.616 loading class java/nio/file/FileChannelLinesSpliterator$1


Dynamic libraries:
0x00007ff64dc30000 - 0x00007ff64dc40000 	C:\Program Files\Java\jdk-17\bin\java.exe
0x00007ff9b1550000 - 0x00007ff9b1767000 	C:\Windows\SYSTEM32\ntdll.dll
0x00007ff9af3d0000 - 0x00007ff9af494000 	C:\Windows\System32\KERNEL32.DLL
0x00007ff9ae640000 - 0x00007ff9aea12000 	C:\Windows\System32\KERNELBASE.dll
0x00007ff9aeb60000 - 0x00007ff9aec71000 	C:\Windows\System32\ucrtbase.dll
0x00007ff9a72f0000 - 0x00007ff9a7309000 	C:\Program Files\Java\jdk-17\bin\jli.dll
0x00007ff9a7950000 - 0x00007ff9a796b000 	C:\Program Files\Java\jdk-17\bin\VCRUNTIME140.dll
0x00007ff9b0bc0000 - 0x00007ff9b0c71000 	C:\Windows\System32\ADVAPI32.dll
0x00007ff9b0c80000 - 0x00007ff9b0d27000 	C:\Windows\System32\msvcrt.dll
0x00007ff9b02c0000 - 0x00007ff9b0368000 	C:\Windows\System32\sechost.dll
0x00007ff9aefc0000 - 0x00007ff9aefe8000 	C:\Windows\System32\bcrypt.dll
0x00007ff9b0aa0000 - 0x00007ff9b0bb4000 	C:\Windows\System32\RPCRT4.dll
0x00007ff9b0460000 - 0x00007ff9b0611000 	C:\Windows\System32\USER32.dll
0x00007ff9aedb0000 - 0x00007ff9aedd6000 	C:\Windows\System32\win32u.dll
0x00007ff9989d0000 - 0x00007ff998c6b000 	C:\Windows\WinSxS\amd64_microsoft.windows.common-controls_6595b64144ccf1df_6.0.22621.5547_none_27104afb73855772\COMCTL32.dll
0x00007ff9b10d0000 - 0x00007ff9b10f9000 	C:\Windows\System32\GDI32.dll
0x00007ff9aec80000 - 0x00007ff9aeda3000 	C:\Windows\System32\gdi32full.dll
0x00007ff9aef20000 - 0x00007ff9aefba000 	C:\Windows\System32\msvcp_win.dll
0x00007ff9a40b0000 - 0x00007ff9a40ba000 	C:\Windows\SYSTEM32\VERSION.dll
0x00007ff9af200000 - 0x00007ff9af231000 	C:\Windows\System32\IMM32.DLL
0x00007ff9ab380000 - 0x00007ff9ab38c000 	C:\Program Files\Java\jdk-17\bin\vcruntime140_1.dll
0x00007ff999d50000 - 0x00007ff999dde000 	C:\Program Files\Java\jdk-17\bin\msvcp140.dll
0x00007ff91ea40000 - 0x00007ff91f620000 	C:\Program Files\Java\jdk-17\bin\server\jvm.dll
0x00007ff9af5b0000 - 0x00007ff9af5b8000 	C:\Windows\System32\PSAPI.DLL
0x00007ff9a49c0000 - 0x00007ff9a49c9000 	C:\Windows\SYSTEM32\WSOCK32.dll
0x00007ff9a8450000 - 0x00007ff9a8484000 	C:\Windows\SYSTEM32\WINMM.dll
0x00007ff9af790000 - 0x00007ff9af801000 	C:\Windows\System32\WS2_32.dll
0x00007ff9ad670000 - 0x00007ff9ad688000 	C:\Windows\SYSTEM32\kernel.appcore.dll
0x00007ff9a72e0000 - 0x00007ff9a72ea000 	C:\Program Files\Java\jdk-17\bin\jimage.dll
0x00007ff99e600000 - 0x00007ff99e833000 	C:\Windows\SYSTEM32\DBGHELP.DLL
0x00007ff9b1170000 - 0x00007ff9b1503000 	C:\Windows\System32\combase.dll
0x00007ff9b0380000 - 0x00007ff9b0457000 	C:\Windows\System32\OLEAUT32.dll
0x00007ff9a45f0000 - 0x00007ff9a4622000 	C:\Windows\SYSTEM32\dbgcore.DLL
0x00007ff9aeff0000 - 0x00007ff9af06b000 	C:\Windows\System32\bcryptPrimitives.dll
0x00007ff9a4660000 - 0x00007ff9a4685000 	C:\Program Files\Java\jdk-17\bin\java.dll
0x00007ff988640000 - 0x00007ff988717000 	C:\Program Files\Java\jdk-17\bin\jsvml.dll
0x00007ff9af970000 - 0x00007ff9b0212000 	C:\Windows\System32\SHELL32.dll
0x00007ff9aea20000 - 0x00007ff9aeb5f000 	C:\Windows\System32\wintypes.dll
0x00007ff9ac570000 - 0x00007ff9ace8d000 	C:\Windows\SYSTEM32\windows.storage.dll
0x00007ff9af4a0000 - 0x00007ff9af5ac000 	C:\Windows\System32\SHCORE.dll
0x00007ff9b1100000 - 0x00007ff9b1169000 	C:\Windows\System32\shlwapi.dll
0x00007ff9ae570000 - 0x00007ff9ae59b000 	C:\Windows\SYSTEM32\profapi.dll
0x00007ff99ac90000 - 0x00007ff99aca9000 	C:\Program Files\Java\jdk-17\bin\net.dll
0x00007ff9a89f0000 - 0x00007ff9a8b1c000 	C:\Windows\SYSTEM32\WINHTTP.dll
0x00007ff9adaf0000 - 0x00007ff9adb59000 	C:\Windows\system32\mswsock.dll
0x00007ff99ac70000 - 0x00007ff99ac86000 	C:\Program Files\Java\jdk-17\bin\nio.dll
0x00007ff99ac50000 - 0x00007ff99ac68000 	C:\Program Files\Java\jdk-17\bin\zip.dll
0x00007ff9a4650000 - 0x00007ff9a4660000 	C:\Program Files\Java\jdk-17\bin\verify.dll
0x00007ff99a570000 - 0x00007ff99a57a000 	C:\Program Files\Java\jdk-17\bin\management.dll
0x00007ff99a560000 - 0x00007ff99a56b000 	C:\Program Files\Java\jdk-17\bin\management_ext.dll
0x00007ff99a530000 - 0x00007ff99a557000 	C:\Users\Victor\.gradle\native\1def1411415f61bf3af743bc5b6707747c0891f09f0c88961ee8f79bc544acac\windows-amd64\native-platform.dll
0x00007ff9ab7f0000 - 0x00007ff9ab7fa000 	C:\Users\Victor\.gradle\native\jansi\1.18\windows64\jansi.dll
0x00007ff9ad0f0000 - 0x00007ff9ad11d000 	C:\Windows\SYSTEM32\IPHLPAPI.DLL
0x00007ff9b0370000 - 0x00007ff9b0379000 	C:\Windows\System32\NSI.dll
0x00007ff9a8b50000 - 0x00007ff9a8b69000 	C:\Windows\SYSTEM32\dhcpcsvc6.DLL
0x00007ff9a8430000 - 0x00007ff9a844f000 	C:\Windows\SYSTEM32\dhcpcsvc.DLL
0x00007ff9ad160000 - 0x00007ff9ad258000 	C:\Windows\SYSTEM32\DNSAPI.dll
0x00007ff9add50000 - 0x00007ff9add6b000 	C:\Windows\SYSTEM32\CRYPTSP.dll
0x00007ff9ad5d0000 - 0x00007ff9ad607000 	C:\Windows\system32\rsaenh.dll
0x00007ff9adbe0000 - 0x00007ff9adc08000 	C:\Windows\SYSTEM32\USERENV.dll
0x00007ff9add40000 - 0x00007ff9add4c000 	C:\Windows\SYSTEM32\CRYPTBASE.dll
0x00007ff99a420000 - 0x00007ff99a42e000 	C:\Program Files\Java\jdk-17\bin\sunmscapi.dll
0x00007ff9af070000 - 0x00007ff9af1d7000 	C:\Windows\System32\CRYPT32.dll
0x00007ff9adf00000 - 0x00007ff9adf2d000 	C:\Windows\SYSTEM32\ncrypt.dll
0x00007ff9adec0000 - 0x00007ff9adef7000 	C:\Windows\SYSTEM32\NTASN1.dll
0x00007ff99d2f0000 - 0x00007ff99d2f8000 	C:\Windows\system32\wshunix.dll

dbghelp: loaded successfully - version: 4.0.5 - missing functions: none
symbol engine: initialized successfully - sym options: 0x614 - pdb path: .;C:\Program Files\Java\jdk-17\bin;C:\Windows\SYSTEM32;C:\Windows\WinSxS\amd64_microsoft.windows.common-controls_6595b64144ccf1df_6.0.22621.5547_none_27104afb73855772;C:\Program Files\Java\jdk-17\bin\server;C:\Users\Victor\.gradle\native\1def1411415f61bf3af743bc5b6707747c0891f09f0c88961ee8f79bc544acac\windows-amd64;C:\Users\Victor\.gradle\native\jansi\1.18\windows64

VM Arguments:
jvm_args: -Xmx64m -Xms64m -Dorg.gradle.appname=gradlew 
java_command: C:\Users\Victor\Documents\Freela\parceladiaria\android\\gradle\wrapper\gradle-wrapper.jar app:assembleDebug -x lint -x test --configure-on-demand --build-cache -PreactNativeDevServerPort=8081 -PreactNativeArchitectures=arm64-v8a,armeabi-v7a
java_class_path (initial): C:\Users\Victor\Documents\Freela\parceladiaria\android\\gradle\wrapper\gradle-wrapper.jar
Launcher Type: SUN_STANDARD

[Global flags]
     intx CICompilerCount                          = 4                                         {product} {ergonomic}
     uint ConcGCThreads                            = 3                                         {product} {ergonomic}
     uint G1ConcRefinementThreads                  = 10                                        {product} {ergonomic}
   size_t G1HeapRegionSize                         = 1048576                                   {product} {ergonomic}
    uintx GCDrainStackTargetSize                   = 64                                        {product} {ergonomic}
   size_t InitialHeapSize                          = 67108864                                  {product} {command line}
   size_t MarkStackSize                            = 4194304                                   {product} {ergonomic}
   size_t MaxHeapSize                              = 67108864                                  {product} {command line}
   size_t MaxNewSize                               = 39845888                                  {product} {ergonomic}
   size_t MinHeapDeltaBytes                        = 1048576                                   {product} {ergonomic}
   size_t MinHeapSize                              = 67108864                                  {product} {command line}
    uintx NonNMethodCodeHeapSize                   = 5839372                                {pd product} {ergonomic}
    uintx NonProfiledCodeHeapSize                  = 122909434                              {pd product} {ergonomic}
    uintx ProfiledCodeHeapSize                     = 122909434                              {pd product} {ergonomic}
    uintx ReservedCodeCacheSize                    = 251658240                              {pd product} {ergonomic}
     bool SegmentedCodeCache                       = true                                      {product} {ergonomic}
   size_t SoftMaxHeapSize                          = 67108864                               {manageable} {ergonomic}
     bool UseCompressedClassPointers               = true                           {product lp64_product} {ergonomic}
     bool UseCompressedOops                        = true                           {product lp64_product} {ergonomic}
     bool UseG1GC                                  = true                                      {product} {ergonomic}
     bool UseLargePagesIndividualAllocation        = false                                  {pd product} {ergonomic}

Logging:
Log output configuration:
 #0: stdout all=warning uptime,level,tags
 #1: stderr all=off uptime,level,tags

Environment Variables:
JAVA_HOME=C:\Program Files\Java\jdk-17
PATH=C:\Users\Victor\Documents\Freela\parceladiaria\node_modules\.bin;C:\Users\Victor\Documents\Freela\parceladiaria\node_modules\.bin;C:\Users\Victor\Documents\Freela\node_modules\.bin;C:\Users\Victor\Documents\node_modules\.bin;C:\Users\Victor\node_modules\.bin;C:\Users\node_modules\.bin;C:\node_modules\.bin;C:\Users\Victor\AppData\Roaming\nvm\v22.16.0\node_modules\npm\node_modules\@npmcli\run-script\lib\node-gyp-bin;C:\Program Files\PowerShell\7;C:\Program Files (x86)\NVIDIA Corporation\PhysX\Common;c:\Users\Victor\AppData\Local\Programs\cursor\resources\app\bin;C:\Program Files\Common Files\Oracle\Java\javapath;C:\Program Files\Eclipse Adoptium\jdk-17.0.13.11-hotspot\bin;C:\Program Files\OpenLogic\jdk-17.0.14.7-hotspot\bin;C:\Windows\system32;C:\Windows;C:\Windows\System32\Wbem;C:\Windows\System32\WindowsPowerShell\v1.0\;C:\Windows\System32\OpenSSH\;C:\Program Files\Git\cmd;C:\Users\Victor\AppData\Roaming\nvm;C:\Program Files\nodejs;C:\zig;C:\Program Files\Go\bin;C:\Users\Victor\AppData\Local\Android\Sdk\tools;C:\Users\Victor\AppData\Local\Android\Sdk\platform-tools;C:\ProgramData\chocolatey\bin;C:\Users\Victor\AppData\Roaming\Python\Scripts;C:\Program Files\Java\jdk-17\bin;C:\Users\Victor\AppData\Local\Programs\Python\Python311\Scripts\;C:\Users\Victor\AppData\Local\Programs\Python\Python311;C:\Users\Victor\.console-ninja\.bin;C:\Users\Victor\AppData\Local\Microsoft\WindowsApps;C:\Users\Victor\AppData\Roaming\nvm;C:\Program Fi;C:\Program Files\dotnet\;C:\ffmpeg\bin;C:\Program Files\Docker\Docker\resources\bin;C:\Program Files\OpenSSL-Win64\bin;C:\Program Files\PowerShell\7\;C:\Users\Victor\AppData\Local\Programs\Python\Python313\Scripts\;C:\Users\Victor\AppData\Local\Programs\Python\Python313\;C:\Users\Victor\.console-ninja\.bin;c:\Users\Victor\AppData\Local\Programs\Trae\bin;C:\Users\Victor\.cargo\bin;C:\Users\Victor\AppData\Local\Microsoft\WindowsApps;C:\Users\Victor\AppData\Local\Programs\Microsoft VS Code\bin;C:\Users\Victor\AppData\Roaming\nvm;C:\Program File
USERNAME=Victor
LANG=en_US.UTF-8
OS=Windows_NT
PROCESSOR_IDENTIFIER=AMD64 Family 25 Model 80 Stepping 0, AuthenticAMD



---------------  S Y S T E M  ---------------

OS:
 Windows 11 , 64 bit Build 22621 (10.0.22621.5415)
OS uptime: 0 days 1:25 hours

CPU: total 12 (initial active 12) (12 cores per cpu, 2 threads per core) family 25 model 80 stepping 0 microcode 0x0, cx8, cmov, fxsr, ht, mmx, 3dnowpref, sse, sse2, sse3, ssse3, sse4a, sse4.1, sse4.2, popcnt, lzcnt, tsc, tscinvbit, avx, avx2, aes, erms, clmul, bmi1, bmi2, adx, sha, fma, vzeroupper, clflush, clflushopt

Memory: 4k page, system-wide physical 15665M (2852M free)
TotalPageFile size 23857M (AvailPageFile size 6M)
current process WorkingSet (physical memory assigned to process): 26M, peak: 108M
current process commit charge ("private bytes"): 170M, peak: 185M

vm_info: Java HotSpot(TM) 64-Bit Server VM (17.0.12+8-LTS-286) for windows-amd64 JRE (17.0.12+8-LTS-286), built on Jun  5 2024 06:46:59 by "mach5one" with MS VC++ 17.6 (VS2022)

END.
