#
# There is insufficient memory for the Java Runtime Environment to continue.
# Native memory allocation (mmap) failed to map 65536 bytes for Failed to commit metaspace.
# Possible reasons:
#   The system is out of physical RAM or swap space
#   The process is running with CompressedOops enabled, and the Java Heap may be blocking the growth of the native heap
# Possible solutions:
#   Reduce memory load on the system
#   Increase physical memory or swap space
#   Check if swap backing store is full
#   Decrease Java heap size (-Xmx/-Xms)
#   Decrease number of Java threads
#   Decrease Java thread stack sizes (-Xss)
#   Set larger code cache with -XX:ReservedCodeCacheSize=
#   JVM is running with Unscaled Compressed Oops mode in which the Java heap is
#     placed in the first 4GB address space. The Java Heap base address is the
#     maximum limit for the native heap growth. Please use -XX:HeapBaseMinAddress
#     to set the Java Heap base and to place the Java Heap above 4GB virtual address.
# This output file may be truncated or incomplete.
#
#  Out of Memory Error (virtualSpaceNode.cpp:110), pid=19136, tid=7772
#
# JRE version: Java(TM) SE Runtime Environment (17.0.12+8) (build 17.0.12+8-LTS-286)
# Java VM: Java HotSpot(TM) 64-Bit Server VM (17.0.12+8-LTS-286, mixed mode, sharing, tiered, compressed oops, compressed class ptrs, g1 gc, windows-amd64)
# No core dump will be written. Minidumps are not enabled by default on client versions of Windows
#

---------------  S U M M A R Y ------------

Command Line: -Xmx64m -Xms64m -Dorg.gradle.appname=gradlew C:\Users\Victor\Documents\Freela\parceladiaria\android\\gradle\wrapper\gradle-wrapper.jar app:assembleDebug -x lint -x test --configure-on-demand --build-cache -PreactNativeDevServerPort=8081 -PreactNativeArchitectures=arm64-v8a,armeabi-v7a

Host: AMD Ryzen 5 5600GT with Radeon Graphics        , 12 cores, 15G,  Windows 11 , 64 bit Build 22621 (10.0.22621.5415)
Time: Thu Dec 18 13:48:48 2025 Hora oficial do Brasil elapsed time: 10.854957 seconds (0d 0h 0m 10s)

---------------  T H R E A D  ---------------

Current thread (0x000001fc2a828f50):  JavaThread "main" [_thread_in_vm, id=7772, stack(0x000000a656700000,0x000000a656800000)]

Stack: [0x000000a656700000,0x000000a656800000]
Native frames: (J=compiled Java code, j=interpreted, Vv=VM code, C=native code)
V  [jvm.dll+0x67a04a]
V  [jvm.dll+0x7da4ed]
V  [jvm.dll+0x7dbe33]
V  [jvm.dll+0x7dc4a3]
V  [jvm.dll+0x24508f]
V  [jvm.dll+0x7d60bb]
V  [jvm.dll+0x6206c6]
V  [jvm.dll+0x62072a]
V  [jvm.dll+0x622f4d]
V  [jvm.dll+0x621086]
V  [jvm.dll+0x62af77]
V  [jvm.dll+0x1e84b2]
V  [jvm.dll+0x1e89d5]
V  [jvm.dll+0x1e931b]
V  [jvm.dll+0x1dea41]
V  [jvm.dll+0x53f78c]
V  [jvm.dll+0x1ef3ca]
V  [jvm.dll+0x7547ad]
V  [jvm.dll+0x755bc6]
V  [jvm.dll+0x755ef8]
V  [jvm.dll+0x23d13b]
V  [jvm.dll+0x37d08e]
C  0x000001fc3ae0b6f0

Java frames: (J=compiled Java code, j=interpreted, Vv=VM code)
j  java.io.ObjectStreamClass.<init>(Ljava/lang/Class;)V+102 java.base@17.0.12
j  java.io.ObjectStreamClass$Caches$1.computeValue(Ljava/lang/Class;)Ljava/io/ObjectStreamClass;+5 java.base@17.0.12
j  java.io.ObjectStreamClass$Caches$1.computeValue(Ljava/lang/Class;)Ljava/lang/Object;+2 java.base@17.0.12
j  java.io.ClassCache$1.computeValue(Ljava/lang/Class;)Ljava/lang/ref/SoftReference;+9 java.base@17.0.12
j  java.io.ClassCache$1.computeValue(Ljava/lang/Class;)Ljava/lang/Object;+2 java.base@17.0.12
j  java.lang.ClassValue.getFromHashMap(Ljava/lang/Class;)Ljava/lang/Object;+29 java.base@17.0.12
j  java.lang.ClassValue.getFromBackup([Ljava/lang/ClassValue$Entry;Ljava/lang/Class;)Ljava/lang/Object;+17 java.base@17.0.12
j  java.lang.ClassValue.get(Ljava/lang/Class;)Ljava/lang/Object;+27 java.base@17.0.12
j  java.io.ClassCache.get(Ljava/lang/Class;)Ljava/lang/Object;+9 java.base@17.0.12
j  java.io.ObjectStreamClass.lookup(Ljava/lang/Class;Z)Ljava/io/ObjectStreamClass;+19 java.base@17.0.12
j  java.io.ObjectStreamClass.initNonProxy(Ljava/io/ObjectStreamClass;Ljava/lang/Class;Ljava/lang/ClassNotFoundException;Ljava/io/ObjectStreamClass;)V+15 java.base@17.0.12
j  java.io.ObjectInputStream.readNonProxyDesc(Z)Ljava/io/ObjectStreamClass;+192 java.base@17.0.12
j  java.io.ObjectInputStream.readClassDesc(Z)Ljava/io/ObjectStreamClass;+72 java.base@17.0.12
j  java.io.ObjectInputStream.readNonProxyDesc(Z)Ljava/io/ObjectStreamClass;+189 java.base@17.0.12
j  java.io.ObjectInputStream.readClassDesc(Z)Ljava/io/ObjectStreamClass;+72 java.base@17.0.12
j  java.io.ObjectInputStream.readOrdinaryObject(Z)Ljava/lang/Object;+22 java.base@17.0.12
j  java.io.ObjectInputStream.readObject0(Ljava/lang/Class;Z)Ljava/lang/Object;+494 java.base@17.0.12
j  java.io.ObjectInputStream.readObject(Ljava/lang/Class;)Ljava/lang/Object;+42 java.base@17.0.12
j  java.io.ObjectInputStream.readObject()Ljava/lang/Object;+3 java.base@17.0.12
j  org.gradle.internal.serialize.Message.receive(Ljava/io/InputStream;Ljava/lang/ClassLoader;)Ljava/lang/Object;+11
j  org.gradle.internal.serialize.BaseSerializerFactory$ThrowableSerializer.read(Lorg/gradle/internal/serialize/Decoder;)Ljava/lang/Throwable;+13
j  org.gradle.internal.serialize.BaseSerializerFactory$ThrowableSerializer.read(Lorg/gradle/internal/serialize/Decoder;)Ljava/lang/Object;+2
j  org.gradle.internal.logging.serializer.LogEventSerializer.read(Lorg/gradle/internal/serialize/Decoder;)Lorg/gradle/internal/logging/events/LogEvent;+43
j  org.gradle.internal.logging.serializer.LogEventSerializer.read(Lorg/gradle/internal/serialize/Decoder;)Ljava/lang/Object;+2
J 1641 c2 org.gradle.internal.serialize.DefaultSerializerRegistry$TaggedTypeSerializer.read(Lorg/gradle/internal/serialize/Decoder;)Ljava/lang/Object; (69 bytes) @ 0x000001fc3b448784 [0x000001fc3b4486a0+0x00000000000000e4]
J 1527 c1 org.gradle.launcher.daemon.protocol.DaemonMessageSerializer$OutputMessageSerializer.read(Lorg/gradle/internal/serialize/Decoder;)Ljava/lang/Object; (6 bytes) @ 0x000001fc33b8e47c [0x000001fc33b8e2e0+0x000000000000019c]
J 1641 c2 org.gradle.internal.serialize.DefaultSerializerRegistry$TaggedTypeSerializer.read(Lorg/gradle/internal/serialize/Decoder;)Ljava/lang/Object; (69 bytes) @ 0x000001fc3b448784 [0x000001fc3b4486a0+0x00000000000000e4]
J 1461 c1 org.gradle.internal.remote.internal.inet.SocketConnection.receive()Ljava/lang/Object; (142 bytes) @ 0x000001fc33b732ec [0x000001fc33b73140+0x00000000000001ac]
J 1460 c1 org.gradle.launcher.daemon.client.DaemonClientConnection.receive()Lorg/gradle/launcher/daemon/protocol/Message; (81 bytes) @ 0x000001fc33b718dc [0x000001fc33b71820+0x00000000000000bc]
j  org.gradle.launcher.daemon.client.DaemonClient.monitorBuild(Lorg/gradle/launcher/daemon/protocol/Build;Lorg/gradle/launcher/daemon/diagnostics/DaemonDiagnostics;Lorg/gradle/launcher/daemon/client/DaemonClientConnection;Lorg/gradle/initialization/BuildCancellationToken;Lorg/gradle/initialization/BuildEventConsumer;)Ljava/lang/Object;+39
j  org.gradle.launcher.daemon.client.DaemonClient.executeBuild(Lorg/gradle/launcher/daemon/protocol/Build;Lorg/gradle/launcher/daemon/client/DaemonClientConnection;Lorg/gradle/initialization/BuildCancellationToken;Lorg/gradle/initialization/BuildEventConsumer;)Lorg/gradle/launcher/exec/BuildActionResult;+128
j  org.gradle.launcher.daemon.client.DaemonClient.execute(Lorg/gradle/internal/invocation/BuildAction;Lorg/gradle/launcher/exec/BuildActionParameters;Lorg/gradle/internal/daemon/client/execution/ClientBuildRequestContext;)Lorg/gradle/launcher/exec/BuildActionResult;+129
j  org.gradle.launcher.daemon.client.DaemonClient.execute(Lorg/gradle/internal/invocation/BuildAction;Ljava/lang/Object;Ljava/lang/Object;)Lorg/gradle/launcher/exec/BuildActionResult;+10
j  org.gradle.launcher.cli.RunBuildAction.run()V+67
j  org.gradle.internal.Actions$RunnableActionAdapter.execute(Ljava/lang/Object;)V+4
j  org.gradle.launcher.cli.DefaultCommandLineActionFactory$ParseAndBuildAction.execute(Lorg/gradle/launcher/bootstrap/ExecutionListener;)V+129
j  org.gradle.launcher.cli.DefaultCommandLineActionFactory$ParseAndBuildAction.execute(Ljava/lang/Object;)V+5
j  org.gradle.launcher.cli.DebugLoggerWarningAction.execute(Lorg/gradle/launcher/bootstrap/ExecutionListener;)V+9
j  org.gradle.launcher.cli.DebugLoggerWarningAction.execute(Ljava/lang/Object;)V+5
j  org.gradle.launcher.cli.WelcomeMessageAction.execute(Lorg/gradle/launcher/bootstrap/ExecutionListener;)V+218
j  org.gradle.launcher.cli.WelcomeMessageAction.execute(Ljava/lang/Object;)V+5
j  org.gradle.launcher.cli.NativeServicesInitializingAction.execute(Lorg/gradle/launcher/bootstrap/ExecutionListener;)V+38
j  org.gradle.launcher.cli.NativeServicesInitializingAction.execute(Ljava/lang/Object;)V+5
j  org.gradle.launcher.cli.ExceptionReportingAction.execute(Lorg/gradle/launcher/bootstrap/ExecutionListener;)V+5
j  org.gradle.launcher.cli.ExceptionReportingAction.execute(Ljava/lang/Object;)V+5
j  org.gradle.launcher.cli.DefaultCommandLineActionFactory$WithLogging.execute(Lorg/gradle/launcher/bootstrap/ExecutionListener;)V+309
j  org.gradle.launcher.Main.doAction([Ljava/lang/String;Lorg/gradle/launcher/bootstrap/ExecutionListener;)V+14
j  org.gradle.launcher.bootstrap.EntryPoint.run([Ljava/lang/String;)V+12
v  ~StubRoutines::call_stub
j  jdk.internal.reflect.NativeMethodAccessorImpl.invoke0(Ljava/lang/reflect/Method;Ljava/lang/Object;[Ljava/lang/Object;)Ljava/lang/Object;+0 java.base@17.0.12
j  jdk.internal.reflect.NativeMethodAccessorImpl.invoke(Ljava/lang/Object;[Ljava/lang/Object;)Ljava/lang/Object;+133 java.base@17.0.12
j  jdk.internal.reflect.DelegatingMethodAccessorImpl.invoke(Ljava/lang/Object;[Ljava/lang/Object;)Ljava/lang/Object;+6 java.base@17.0.12
j  java.lang.reflect.Method.invoke(Ljava/lang/Object;[Ljava/lang/Object;)Ljava/lang/Object;+59 java.base@17.0.12
j  org.gradle.launcher.bootstrap.ProcessBootstrap.runNoExit(Ljava/lang/String;Ljava/lang/String;Ljava/lang/String;[Ljava/lang/String;)V+205
j  org.gradle.launcher.bootstrap.ProcessBootstrap.run(Ljava/lang/String;Ljava/lang/String;Ljava/lang/String;[Ljava/lang/String;)V+4
j  org.gradle.launcher.GradleMain.main([Ljava/lang/String;)V+68
v  ~StubRoutines::call_stub
j  jdk.internal.reflect.NativeMethodAccessorImpl.invoke0(Ljava/lang/reflect/Method;Ljava/lang/Object;[Ljava/lang/Object;)Ljava/lang/Object;+0 java.base@17.0.12
j  jdk.internal.reflect.NativeMethodAccessorImpl.invoke(Ljava/lang/Object;[Ljava/lang/Object;)Ljava/lang/Object;+133 java.base@17.0.12
j  jdk.internal.reflect.DelegatingMethodAccessorImpl.invoke(Ljava/lang/Object;[Ljava/lang/Object;)Ljava/lang/Object;+6 java.base@17.0.12
j  java.lang.reflect.Method.invoke(Ljava/lang/Object;[Ljava/lang/Object;)Ljava/lang/Object;+59 java.base@17.0.12
j  org.gradle.wrapper.GradleWrapperMain.main([Ljava/lang/String;)V+1826
v  ~StubRoutines::call_stub

---------------  P R O C E S S  ---------------

Threads class SMR info:
_java_thread_list=0x000001fc8ca94220, length=13, elements={
0x000001fc2a828f50, 0x000001fc2a8de220, 0x000001fc2a8debc0, 0x000001fc463a2420,
0x000001fc463a2900, 0x000001fc463a2de0, 0x000001fc463a32c0, 0x000001fc463b3fd0,
0x000001fc463b8610, 0x000001fc463bab40, 0x000001fc465fe1b0, 0x000001fc46624ef0,
0x000001fc8d0914b0
}

Java Threads: ( => current thread )
=>0x000001fc2a828f50 JavaThread "main" [_thread_in_vm, id=7772, stack(0x000000a656700000,0x000000a656800000)]
  0x000001fc2a8de220 JavaThread "Reference Handler" daemon [_thread_blocked, id=6520, stack(0x000000a656e00000,0x000000a656f00000)]
  0x000001fc2a8debc0 JavaThread "Finalizer" daemon [_thread_blocked, id=15476, stack(0x000000a656f00000,0x000000a657000000)]
  0x000001fc463a2420 JavaThread "Signal Dispatcher" daemon [_thread_blocked, id=18984, stack(0x000000a657000000,0x000000a657100000)]
  0x000001fc463a2900 JavaThread "Attach Listener" daemon [_thread_blocked, id=12156, stack(0x000000a657100000,0x000000a657200000)]
  0x000001fc463a2de0 JavaThread "Service Thread" daemon [_thread_blocked, id=17232, stack(0x000000a657200000,0x000000a657300000)]
  0x000001fc463a32c0 JavaThread "Monitor Deflation Thread" daemon [_thread_blocked, id=18912, stack(0x000000a657300000,0x000000a657400000)]
  0x000001fc463b3fd0 JavaThread "C2 CompilerThread0" daemon [_thread_blocked, id=18200, stack(0x000000a657400000,0x000000a657500000)]
  0x000001fc463b8610 JavaThread "C1 CompilerThread0" daemon [_thread_blocked, id=19436, stack(0x000000a657500000,0x000000a657600000)]
  0x000001fc463bab40 JavaThread "Sweeper thread" daemon [_thread_blocked, id=6772, stack(0x000000a657600000,0x000000a657700000)]
  0x000001fc465fe1b0 JavaThread "Notification Thread" daemon [_thread_blocked, id=18196, stack(0x000000a657700000,0x000000a657800000)]
  0x000001fc46624ef0 JavaThread "Common-Cleaner" daemon [_thread_blocked, id=14948, stack(0x000000a657900000,0x000000a657a00000)]
  0x000001fc8d0914b0 JavaThread "pool-1-thread-1" [_thread_blocked, id=8524, stack(0x000000a657f00000,0x000000a658000000)]

Other Threads:
  0x000001fc2a8d73f0 VMThread "VM Thread" [stack: 0x000000a656d00000,0x000000a656e00000] [id=13644]
  0x000001fc2a859740 WatcherThread [stack: 0x000000a657800000,0x000000a657900000] [id=16872]
  0x000001fc2a849ce0 GCTaskThread "GC Thread#0" [stack: 0x000000a656800000,0x000000a656900000] [id=14764]
  0x000001fc8c2579b0 GCTaskThread "GC Thread#1" [stack: 0x000000a657c00000,0x000000a657d00000] [id=14720]
  0x000001fc8c198b70 GCTaskThread "GC Thread#2" [stack: 0x000000a657d00000,0x000000a657e00000] [id=14856]
  0x000001fc8c198e30 GCTaskThread "GC Thread#3" [stack: 0x000000a657e00000,0x000000a657f00000] [id=18608]
  0x000001fc8c620770 GCTaskThread "GC Thread#4" [stack: 0x000000a658000000,0x000000a658100000] [id=11824]
  0x000001fc8c52c7c0 GCTaskThread "GC Thread#5" [stack: 0x000000a658100000,0x000000a658200000] [id=18444]
  0x000001fc8d10f780 GCTaskThread "GC Thread#6" [stack: 0x000000a658200000,0x000000a658300000] [id=13476]
  0x000001fc2a84c440 ConcurrentGCThread "G1 Main Marker" [stack: 0x000000a656900000,0x000000a656a00000] [id=17308]
  0x000001fc2a84ce50 ConcurrentGCThread "G1 Conc#0" [stack: 0x000000a656a00000,0x000000a656b00000] [id=15736]
  0x000001fc2a8bc7a0 ConcurrentGCThread "G1 Refine#0" [stack: 0x000000a656b00000,0x000000a656c00000] [id=12460]
  0x000001fc2a8bfd10 ConcurrentGCThread "G1 Service" [stack: 0x000000a656c00000,0x000000a656d00000] [id=17488]

Threads with active compile tasks:

VM state: not at safepoint (normal execution)

VM Mutex/Monitor currently owned by a thread:  ([mutex/lock_event])
[0x000001fc2a823740] Metaspace_lock - owner thread: 0x000001fc2a828f50

Heap address: 0x00000000fc000000, size: 64 MB, Compressed Oops mode: 32-bit

CDS archive(s) mapped at: [0x000001fc47000000-0x000001fc47bd0000-0x000001fc47bd0000), size 12386304, SharedBaseAddress: 0x000001fc47000000, ArchiveRelocationMode: 1.
Compressed class space mapped at: 0x000001fc48000000-0x000001fc88000000, reserved size: 1073741824
Narrow klass base: 0x000001fc47000000, Narrow klass shift: 0, Narrow klass range: 0x100000000

GC Precious Log:
 CPUs: 12 total, 12 available
 Memory: 15665M
 Large Page Support: Disabled
 NUMA Support: Disabled
 Compressed Oops: Enabled (32-bit)
 Heap Region Size: 1M
 Heap Min Capacity: 64M
 Heap Initial Capacity: 64M
 Heap Max Capacity: 64M
 Pre-touch: Disabled
 Parallel Workers: 10
 Concurrent Workers: 3
 Concurrent Refinement Workers: 10
 Periodic GC: Disabled

Heap:
 garbage-first heap   total 65536K, used 17587K [0x00000000fc000000, 0x0000000100000000)
  region size 1024K, 11 young (11264K), 4 survivors (4096K)
 Metaspace       used 9501K, committed 9664K, reserved 1114112K
  class space    used 1264K, committed 1344K, reserved 1048576K

Heap Regions: E=young(eden), S=young(survivor), O=old, HS=humongous(starts), HC=humongous(continues), CS=collection set, F=free, OA=open archive, CA=closed archive, TAMS=top-at-mark-start (previous, next)
|   0|0x00000000fc000000, 0x00000000fc100000, 0x00000000fc100000|100%|HS|  |TAMS 0x00000000fc000000, 0x00000000fc000000| Complete 
|   1|0x00000000fc100000, 0x00000000fc200000, 0x00000000fc200000|100%|HC|  |TAMS 0x00000000fc100000, 0x00000000fc100000| Complete 
|   2|0x00000000fc200000, 0x00000000fc300000, 0x00000000fc300000|100%|HC|  |TAMS 0x00000000fc200000, 0x00000000fc200000| Complete 
|   3|0x00000000fc300000, 0x00000000fc400000, 0x00000000fc400000|100%| O|  |TAMS 0x00000000fc300000, 0x00000000fc300000| Untracked 
|   4|0x00000000fc400000, 0x00000000fc500000, 0x00000000fc500000|100%| O|  |TAMS 0x00000000fc400000, 0x00000000fc400000| Untracked 
|   5|0x00000000fc500000, 0x00000000fc600000, 0x00000000fc600000|100%| O|  |TAMS 0x00000000fc500000, 0x00000000fc500000| Untracked 
|   6|0x00000000fc600000, 0x00000000fc700000, 0x00000000fc700000|100%| O|  |TAMS 0x00000000fc600000, 0x00000000fc600000| Untracked 
|   7|0x00000000fc700000, 0x00000000fc72ce00, 0x00000000fc800000| 17%| O|  |TAMS 0x00000000fc700000, 0x00000000fc700000| Untracked 
|   8|0x00000000fc800000, 0x00000000fc800000, 0x00000000fc900000|  0%| F|  |TAMS 0x00000000fc800000, 0x00000000fc800000| Untracked 
|   9|0x00000000fc900000, 0x00000000fc900000, 0x00000000fca00000|  0%| F|  |TAMS 0x00000000fc900000, 0x00000000fc900000| Untracked 
|  10|0x00000000fca00000, 0x00000000fca00000, 0x00000000fcb00000|  0%| F|  |TAMS 0x00000000fca00000, 0x00000000fca00000| Untracked 
|  11|0x00000000fcb00000, 0x00000000fcb00000, 0x00000000fcc00000|  0%| F|  |TAMS 0x00000000fcb00000, 0x00000000fcb00000| Untracked 
|  12|0x00000000fcc00000, 0x00000000fcc00000, 0x00000000fcd00000|  0%| F|  |TAMS 0x00000000fcc00000, 0x00000000fcc00000| Untracked 
|  13|0x00000000fcd00000, 0x00000000fcd00000, 0x00000000fce00000|  0%| F|  |TAMS 0x00000000fcd00000, 0x00000000fcd00000| Untracked 
|  14|0x00000000fce00000, 0x00000000fce00000, 0x00000000fcf00000|  0%| F|  |TAMS 0x00000000fce00000, 0x00000000fce00000| Untracked 
|  15|0x00000000fcf00000, 0x00000000fcf00000, 0x00000000fd000000|  0%| F|  |TAMS 0x00000000fcf00000, 0x00000000fcf00000| Untracked 
|  16|0x00000000fd000000, 0x00000000fd000000, 0x00000000fd100000|  0%| F|  |TAMS 0x00000000fd000000, 0x00000000fd000000| Untracked 
|  17|0x00000000fd100000, 0x00000000fd100000, 0x00000000fd200000|  0%| F|  |TAMS 0x00000000fd100000, 0x00000000fd100000| Untracked 
|  18|0x00000000fd200000, 0x00000000fd200000, 0x00000000fd300000|  0%| F|  |TAMS 0x00000000fd200000, 0x00000000fd200000| Untracked 
|  19|0x00000000fd300000, 0x00000000fd300000, 0x00000000fd400000|  0%| F|  |TAMS 0x00000000fd300000, 0x00000000fd300000| Untracked 
|  20|0x00000000fd400000, 0x00000000fd400000, 0x00000000fd500000|  0%| F|  |TAMS 0x00000000fd400000, 0x00000000fd400000| Untracked 
|  21|0x00000000fd500000, 0x00000000fd500000, 0x00000000fd600000|  0%| F|  |TAMS 0x00000000fd500000, 0x00000000fd500000| Untracked 
|  22|0x00000000fd600000, 0x00000000fd600000, 0x00000000fd700000|  0%| F|  |TAMS 0x00000000fd600000, 0x00000000fd600000| Untracked 
|  23|0x00000000fd700000, 0x00000000fd700000, 0x00000000fd800000|  0%| F|  |TAMS 0x00000000fd700000, 0x00000000fd700000| Untracked 
|  24|0x00000000fd800000, 0x00000000fd800000, 0x00000000fd900000|  0%| F|  |TAMS 0x00000000fd800000, 0x00000000fd800000| Untracked 
|  25|0x00000000fd900000, 0x00000000fd900000, 0x00000000fda00000|  0%| F|  |TAMS 0x00000000fd900000, 0x00000000fd900000| Untracked 
|  26|0x00000000fda00000, 0x00000000fda00000, 0x00000000fdb00000|  0%| F|  |TAMS 0x00000000fda00000, 0x00000000fda00000| Untracked 
|  27|0x00000000fdb00000, 0x00000000fdb00000, 0x00000000fdc00000|  0%| F|  |TAMS 0x00000000fdb00000, 0x00000000fdb00000| Untracked 
|  28|0x00000000fdc00000, 0x00000000fdd00000, 0x00000000fdd00000|100%| S|CS|TAMS 0x00000000fdc00000, 0x00000000fdc00000| Complete 
|  29|0x00000000fdd00000, 0x00000000fde00000, 0x00000000fde00000|100%| S|CS|TAMS 0x00000000fdd00000, 0x00000000fdd00000| Complete 
|  30|0x00000000fde00000, 0x00000000fdf00000, 0x00000000fdf00000|100%| S|CS|TAMS 0x00000000fde00000, 0x00000000fde00000| Complete 
|  31|0x00000000fdf00000, 0x00000000fe000000, 0x00000000fe000000|100%| S|CS|TAMS 0x00000000fdf00000, 0x00000000fdf00000| Complete 
|  32|0x00000000fe000000, 0x00000000fe000000, 0x00000000fe100000|  0%| F|  |TAMS 0x00000000fe000000, 0x00000000fe000000| Untracked 
|  33|0x00000000fe100000, 0x00000000fe100000, 0x00000000fe200000|  0%| F|  |TAMS 0x00000000fe100000, 0x00000000fe100000| Untracked 
|  34|0x00000000fe200000, 0x00000000fe200000, 0x00000000fe300000|  0%| F|  |TAMS 0x00000000fe200000, 0x00000000fe200000| Untracked 
|  35|0x00000000fe300000, 0x00000000fe300000, 0x00000000fe400000|  0%| F|  |TAMS 0x00000000fe300000, 0x00000000fe300000| Untracked 
|  36|0x00000000fe400000, 0x00000000fe400000, 0x00000000fe500000|  0%| F|  |TAMS 0x00000000fe400000, 0x00000000fe400000| Untracked 
|  37|0x00000000fe500000, 0x00000000fe500000, 0x00000000fe600000|  0%| F|  |TAMS 0x00000000fe500000, 0x00000000fe500000| Untracked 
|  38|0x00000000fe600000, 0x00000000fe600000, 0x00000000fe700000|  0%| F|  |TAMS 0x00000000fe600000, 0x00000000fe600000| Untracked 
|  39|0x00000000fe700000, 0x00000000fe700000, 0x00000000fe800000|  0%| F|  |TAMS 0x00000000fe700000, 0x00000000fe700000| Untracked 
|  40|0x00000000fe800000, 0x00000000fe800000, 0x00000000fe900000|  0%| F|  |TAMS 0x00000000fe800000, 0x00000000fe800000| Untracked 
|  41|0x00000000fe900000, 0x00000000fe900000, 0x00000000fea00000|  0%| F|  |TAMS 0x00000000fe900000, 0x00000000fe900000| Untracked 
|  42|0x00000000fea00000, 0x00000000fea00000, 0x00000000feb00000|  0%| F|  |TAMS 0x00000000fea00000, 0x00000000fea00000| Untracked 
|  43|0x00000000feb00000, 0x00000000feb00000, 0x00000000fec00000|  0%| F|  |TAMS 0x00000000feb00000, 0x00000000feb00000| Untracked 
|  44|0x00000000fec00000, 0x00000000fec00000, 0x00000000fed00000|  0%| F|  |TAMS 0x00000000fec00000, 0x00000000fec00000| Untracked 
|  45|0x00000000fed00000, 0x00000000fed00000, 0x00000000fee00000|  0%| F|  |TAMS 0x00000000fed00000, 0x00000000fed00000| Untracked 
|  46|0x00000000fee00000, 0x00000000fee00000, 0x00000000fef00000|  0%| F|  |TAMS 0x00000000fee00000, 0x00000000fee00000| Untracked 
|  47|0x00000000fef00000, 0x00000000fef00000, 0x00000000ff000000|  0%| F|  |TAMS 0x00000000fef00000, 0x00000000fef00000| Untracked 
|  48|0x00000000ff000000, 0x00000000ff000000, 0x00000000ff100000|  0%| F|  |TAMS 0x00000000ff000000, 0x00000000ff000000| Untracked 
|  49|0x00000000ff100000, 0x00000000ff100000, 0x00000000ff200000|  0%| F|  |TAMS 0x00000000ff100000, 0x00000000ff100000| Untracked 
|  50|0x00000000ff200000, 0x00000000ff200000, 0x00000000ff300000|  0%| F|  |TAMS 0x00000000ff200000, 0x00000000ff200000| Untracked 
|  51|0x00000000ff300000, 0x00000000ff300000, 0x00000000ff400000|  0%| F|  |TAMS 0x00000000ff300000, 0x00000000ff300000| Untracked 
|  52|0x00000000ff400000, 0x00000000ff400000, 0x00000000ff500000|  0%| F|  |TAMS 0x00000000ff400000, 0x00000000ff400000| Untracked 
|  53|0x00000000ff500000, 0x00000000ff500000, 0x00000000ff600000|  0%| F|  |TAMS 0x00000000ff500000, 0x00000000ff500000| Untracked 
|  54|0x00000000ff600000, 0x00000000ff600000, 0x00000000ff700000|  0%| F|  |TAMS 0x00000000ff600000, 0x00000000ff600000| Untracked 
|  55|0x00000000ff700000, 0x00000000ff700000, 0x00000000ff800000|  0%| F|  |TAMS 0x00000000ff700000, 0x00000000ff700000| Untracked 
|  56|0x00000000ff800000, 0x00000000ff800000, 0x00000000ff900000|  0%| F|  |TAMS 0x00000000ff800000, 0x00000000ff800000| Untracked 
|  57|0x00000000ff900000, 0x00000000ffa00000, 0x00000000ffa00000|100%| E|  |TAMS 0x00000000ff900000, 0x00000000ff900000| Complete 
|  58|0x00000000ffa00000, 0x00000000ffb00000, 0x00000000ffb00000|100%| E|CS|TAMS 0x00000000ffa00000, 0x00000000ffa00000| Complete 
|  59|0x00000000ffb00000, 0x00000000ffc00000, 0x00000000ffc00000|100%| E|CS|TAMS 0x00000000ffb00000, 0x00000000ffb00000| Complete 
|  60|0x00000000ffc00000, 0x00000000ffd00000, 0x00000000ffd00000|100%| E|CS|TAMS 0x00000000ffc00000, 0x00000000ffc00000| Complete 
|  61|0x00000000ffd00000, 0x00000000ffe00000, 0x00000000ffe00000|100%| E|CS|TAMS 0x00000000ffd00000, 0x00000000ffd00000| Complete 
|  62|0x00000000ffe00000, 0x00000000fff00000, 0x00000000fff00000|100%| E|CS|TAMS 0x00000000ffe00000, 0x00000000ffe00000| Complete 
|  63|0x00000000fff00000, 0x0000000100000000, 0x0000000100000000|100%| E|CS|TAMS 0x00000000fff00000, 0x00000000fff00000| Complete 

Card table byte_map: [0x000001fc43560000,0x000001fc43580000] _byte_map_base: 0x000001fc42d80000

Marking Bits (Prev, Next): (CMBitMap*) 0x000001fc2a84b310, (CMBitMap*) 0x000001fc2a84b350
 Prev Bits: [0x000001fc435a0000, 0x000001fc436a0000)
 Next Bits: [0x000001fc436a0000, 0x000001fc437a0000)

Polling page: 0x000001fc2a8f0000

Metaspace:

Usage:
  Non-class:      8.04 MB used.
      Class:      1.24 MB used.
       Both:      9.28 MB used.

Virtual space:
  Non-class space:       64.00 MB reserved,       8.12 MB ( 13%) committed,  1 nodes.
      Class space:        1.00 GB reserved,       1.31 MB ( <1%) committed,  1 nodes.
             Both:        1.06 GB reserved,       9.44 MB ( <1%) committed. 

Chunk freelists:
   Non-Class:  7.72 MB
       Class:  14.51 MB
        Both:  22.22 MB

MaxMetaspaceSize: unlimited
CompressedClassSpaceSize: 1.00 GB
Initial GC threshold: 21.00 MB
Current GC threshold: 21.00 MB
CDS: on
MetaspaceReclaimPolicy: balanced
 - commit_granule_bytes: 65536.
 - commit_granule_words: 8192.
 - virtual_space_node_default_size: 8388608.
 - enlarge_chunks_in_place: 1.
 - new_chunks_are_fully_committed: 0.
 - uncommit_free_chunks: 1.
 - use_allocation_guard: 0.
 - handle_deallocations: 1.


Internal statistics:

num_allocs_failed_limit: 0.
num_arena_births: 80.
num_arena_deaths: 0.
num_vsnodes_births: 2.
num_vsnodes_deaths: 0.
num_space_committed: 151.
num_space_uncommitted: 0.
num_chunks_returned_to_freelist: 0.
num_chunks_taken_from_freelist: 338.
num_chunk_merges: 0.
num_chunk_splits: 229.
num_chunks_enlarged: 186.
num_inconsistent_stats: 0.

CodeHeap 'non-profiled nmethods': size=120000Kb used=764Kb max_used=764Kb free=119235Kb
 bounds [0x000001fc3b390000, 0x000001fc3b600000, 0x000001fc428c0000]
CodeHeap 'profiled nmethods': size=120000Kb used=3220Kb max_used=3220Kb free=116779Kb
 bounds [0x000001fc338c0000, 0x000001fc33bf0000, 0x000001fc3adf0000]
CodeHeap 'non-nmethods': size=5760Kb used=1171Kb max_used=1190Kb free=4588Kb
 bounds [0x000001fc3adf0000, 0x000001fc3b060000, 0x000001fc3b390000]
 total_blobs=2191 nmethods=1723 adapters=381
 compilation: enabled
              stopped_count=0, restarted_count=0
 full_count=0

Compilation events (20 events):
Event: 9.748 Thread 0x000001fc463b8610 1714       3       org.gradle.internal.logging.sink.GroupingProgressLogEventGenerator$OperationState::maybeFlushOutput (1 bytes)
Event: 9.748 Thread 0x000001fc463b8610 nmethod 1714 0x000001fc33bda710 code [0x000001fc33bda8a0, 0x000001fc33bda9b8]
Event: 9.748 Thread 0x000001fc463b8610 1715       3       java.lang.InheritableThreadLocal::getMap (5 bytes)
Event: 9.748 Thread 0x000001fc463b8610 nmethod 1715 0x000001fc33bdaa90 code [0x000001fc33bdac20, 0x000001fc33bdad38]
Event: 9.841 Thread 0x000001fc463b8610 1716       3       org.gradle.internal.logging.console.DefaultAnsiFactory::create (19 bytes)
Event: 9.842 Thread 0x000001fc463b8610 nmethod 1716 0x000001fc33bdae10 code [0x000001fc33bdb0a0, 0x000001fc33bdbdb8]
Event: 9.842 Thread 0x000001fc463b8610 1717       3       org.fusesource.jansi.Ansi::ansi (22 bytes)
Event: 9.842 Thread 0x000001fc463b8610 nmethod 1717 0x000001fc33bdc190 code [0x000001fc33bdc3c0, 0x000001fc33bdcbf8]
Event: 9.842 Thread 0x000001fc463b8610 1718       3       org.fusesource.jansi.Ansi::isEnabled (13 bytes)
Event: 9.842 Thread 0x000001fc463b8610 nmethod 1718 0x000001fc33bdce90 code [0x000001fc33bdd040, 0x000001fc33bdd308]
Event: 9.934 Thread 0x000001fc463b8610 1719       3       java.lang.String::trim (35 bytes)
Event: 9.935 Thread 0x000001fc463b8610 nmethod 1719 0x000001fc33bdd410 code [0x000001fc33bdd5e0, 0x000001fc33bdd8d8]
Event: 9.935 Thread 0x000001fc463b8610 1720       3       java.lang.StringLatin1::trim (76 bytes)
Event: 9.935 Thread 0x000001fc463b8610 nmethod 1720 0x000001fc33bdd990 code [0x000001fc33bddb60, 0x000001fc33bddf48]
Event: 10.837 Thread 0x000001fc463b8610 1721       3       org.gradle.internal.logging.console.WorkInProgressRenderer::renderNow (351 bytes)
Event: 10.841 Thread 0x000001fc463b8610 nmethod 1721 0x000001fc33bde090 code [0x000001fc33bde760, 0x000001fc33be2ea8]
Event: 10.848 Thread 0x000001fc463b8610 1722       3       org.gradle.internal.serialize.kryo.KryoBackedDecoder::maybeReadBytes (11 bytes)
Event: 10.849 Thread 0x000001fc463b8610 nmethod 1722 0x000001fc33be4390 code [0x000001fc33be4540, 0x000001fc33be46a8]
Event: 10.849 Thread 0x000001fc463b8610 1723       3       com.esotericsoftware.kryo.io.Input::read (115 bytes)
Event: 10.849 Thread 0x000001fc463b8610 nmethod 1723 0x000001fc33be4790 code [0x000001fc33be4980, 0x000001fc33be4f88]

GC Heap History (4 events):
Event: 0.222 GC heap before
{Heap before GC invocations=0 (full 0):
 garbage-first heap   total 65536K, used 23552K [0x00000000fc000000, 0x0000000100000000)
  region size 1024K, 23 young (23552K), 0 survivors (0K)
 Metaspace       used 1699K, committed 1792K, reserved 1114112K
  class space    used 158K, committed 192K, reserved 1048576K
}
Event: 0.225 GC heap after
{Heap after GC invocations=1 (full 0):
 garbage-first heap   total 65536K, used 1856K [0x00000000fc000000, 0x0000000100000000)
  region size 1024K, 2 young (2048K), 2 survivors (2048K)
 Metaspace       used 1699K, committed 1792K, reserved 1114112K
  class space    used 158K, committed 192K, reserved 1048576K
}
Event: 0.730 GC heap before
{Heap before GC invocations=1 (full 0):
 garbage-first heap   total 65536K, used 34624K [0x00000000fc000000, 0x0000000100000000)
  region size 1024K, 32 young (32768K), 2 survivors (2048K)
 Metaspace       used 7637K, committed 7808K, reserved 1114112K
  class space    used 1049K, committed 1152K, reserved 1048576K
}
Event: 0.734 GC heap after
{Heap after GC invocations=2 (full 0):
 garbage-first heap   total 65536K, used 11443K [0x00000000fc000000, 0x0000000100000000)
  region size 1024K, 4 young (4096K), 4 survivors (4096K)
 Metaspace       used 7637K, committed 7808K, reserved 1114112K
  class space    used 1049K, committed 1152K, reserved 1048576K
}

Deoptimization events (20 events):
Event: 2.734 Thread 0x000001fc8d0914b0 Uncommon trap: trap_request=0xffffff45 fr.pc=0x000001fc3b41836c relative=0x00000000000003cc
Event: 2.734 Thread 0x000001fc8d0914b0 Uncommon trap: reason=unstable_if action=reinterpret pc=0x000001fc3b41836c method=java.lang.AbstractStringBuilder.isLatin1()Z @ 10 c2
Event: 2.734 Thread 0x000001fc8d0914b0 DEOPT PACKING pc=0x000001fc3b41836c sp=0x000000a657ffe7f0
Event: 2.734 Thread 0x000001fc8d0914b0 DEOPT UNPACKING pc=0x000001fc3ae423a3 sp=0x000000a657ffe770 mode 2
Event: 2.734 Thread 0x000001fc8d0914b0 Uncommon trap: trap_request=0xffffff45 fr.pc=0x000001fc3b3aa1fc relative=0x000000000000025c
Event: 2.734 Thread 0x000001fc8d0914b0 Uncommon trap: reason=unstable_if action=reinterpret pc=0x000001fc3b3aa1fc method=java.lang.String.getChars(II[CI)V @ 23 c2
Event: 2.734 Thread 0x000001fc8d0914b0 DEOPT PACKING pc=0x000001fc3b3aa1fc sp=0x000000a657ffe6a0
Event: 2.734 Thread 0x000001fc8d0914b0 DEOPT UNPACKING pc=0x000001fc3ae423a3 sp=0x000000a657ffe660 mode 2
Event: 3.471 Thread 0x000001fc2a828f50 Uncommon trap: trap_request=0xffffff45 fr.pc=0x000001fc3b3a6a34 relative=0x0000000000000334
Event: 3.471 Thread 0x000001fc2a828f50 Uncommon trap: reason=unstable_if action=reinterpret pc=0x000001fc3b3a6a34 method=java.lang.StringUTF16.compress([CI[BII)I @ 20 c2
Event: 3.471 Thread 0x000001fc2a828f50 DEOPT PACKING pc=0x000001fc3b3a6a34 sp=0x000000a6567fcb60
Event: 3.471 Thread 0x000001fc2a828f50 DEOPT UNPACKING pc=0x000001fc3ae423a3 sp=0x000000a6567fcae0 mode 2
Event: 3.471 Thread 0x000001fc2a828f50 Uncommon trap: trap_request=0xffffff45 fr.pc=0x000001fc3b3a1ab8 relative=0x0000000000000318
Event: 3.471 Thread 0x000001fc2a828f50 Uncommon trap: reason=unstable_if action=reinterpret pc=0x000001fc3b3a1ab8 method=java.lang.StringUTF16.compress([CI[BII)I @ 20 c2
Event: 3.471 Thread 0x000001fc2a828f50 DEOPT PACKING pc=0x000001fc3b3a1ab8 sp=0x000000a6567fcb40
Event: 3.471 Thread 0x000001fc2a828f50 DEOPT UNPACKING pc=0x000001fc3ae423a3 sp=0x000000a6567fcae0 mode 2
Event: 6.062 Thread 0x000001fc2a828f50 Uncommon trap: trap_request=0xffffff45 fr.pc=0x000001fc3b441b58 relative=0x00000000000001b8
Event: 6.062 Thread 0x000001fc2a828f50 Uncommon trap: reason=unstable_if action=reinterpret pc=0x000001fc3b441b58 method=com.esotericsoftware.kryo.io.Input.require(I)I @ 65 c2
Event: 6.062 Thread 0x000001fc2a828f50 DEOPT PACKING pc=0x000001fc3b441b58 sp=0x000000a6567fcd30
Event: 6.062 Thread 0x000001fc2a828f50 DEOPT UNPACKING pc=0x000001fc3ae423a3 sp=0x000000a6567fcce0 mode 2

Classes unloaded (0 events):
No events

Classes redefined (0 events):
No events

Internal exceptions (20 events):
Event: 0.083 Thread 0x000001fc2a828f50 Exception <a 'java/lang/NoSuchMethodError'{0x00000000ffc07778}: 'int java.lang.invoke.DirectMethodHandle$Holder.invokeStaticInit(java.lang.Object, java.lang.Object)'> (0x00000000ffc07778) 
thrown [s\open\src\hotspot\share\interpreter\linkResolver.cpp, line 759]
Event: 0.469 Thread 0x000001fc2a828f50 Exception <a 'java/lang/NoSuchMethodError'{0x00000000ff1a4088}: 'java.lang.Object java.lang.invoke.DirectMethodHandle$Holder.invokeStaticInit(java.lang.Object)'> (0x00000000ff1a4088) 
thrown [s\open\src\hotspot\share\interpreter\linkResolver.cpp, line 759]
Event: 0.475 Thread 0x000001fc2a828f50 Exception <a 'java/lang/NoSuchMethodError'{0x00000000ff1bed50}: 'int java.lang.invoke.DirectMethodHandle$Holder.invokeSpecial(java.lang.Object, java.lang.Object, java.lang.Object)'> (0x00000000ff1bed50) 
thrown [s\open\src\hotspot\share\interpreter\linkResolver.cpp, line 759]
Event: 0.478 Thread 0x000001fc2a828f50 Exception <a 'java/lang/NoSuchMethodError'{0x00000000ff1fb8c8}: 'void java.lang.invoke.DirectMethodHandle$Holder.invokeStatic(java.lang.Object, java.lang.Object)'> (0x00000000ff1fb8c8) 
thrown [s\open\src\hotspot\share\interpreter\linkResolver.cpp, line 759]
Event: 0.480 Thread 0x000001fc2a828f50 Implicit null exception at 0x000001fc3b3fd38f to 0x000001fc3b3fd8c0
Event: 0.480 Thread 0x000001fc2a828f50 Implicit null exception at 0x000001fc3b3d520f to 0x000001fc3b3d5748
Event: 0.489 Thread 0x000001fc2a828f50 Exception <a 'java/lang/NoClassDefFoundError'{0x00000000ff0772a8}: org/slf4j/impl/StaticMarkerBinder> (0x00000000ff0772a8) 
thrown [s\open\src\hotspot\share\classfile\systemDictionary.cpp, line 245]
Event: 0.505 Thread 0x000001fc2a828f50 Exception <a 'java/lang/NoSuchMethodError'{0x00000000fef9a890}: 'java.lang.Object java.lang.invoke.Invokers$Holder.invoker(java.lang.Object, java.lang.Object, java.lang.Object)'> (0x00000000fef9a890) 
thrown [s\open\src\hotspot\share\interpreter\linkResolver.cpp, line 759]
Event: 0.506 Thread 0x000001fc2a828f50 Exception <a 'java/lang/NoSuchMethodError'{0x00000000fefa39e8}: 'java.lang.Object java.lang.invoke.DirectMethodHandle$Holder.invokeStatic(java.lang.Object, java.lang.Object, int)'> (0x00000000fefa39e8) 
thrown [s\open\src\hotspot\share\interpreter\linkResolver.cpp, line 759]
Event: 0.507 Thread 0x000001fc2a828f50 Exception <a 'java/lang/NoSuchMethodError'{0x00000000fefaf6d8}: 'void java.lang.invoke.DelegatingMethodHandle$Holder.delegate(java.lang.Object, java.lang.Object, int, java.lang.Object)'> (0x00000000fefaf6d8) 
thrown [s\open\src\hotspot\share\interpreter\linkResolver.cpp, line 759]
Event: 0.508 Thread 0x000001fc2a828f50 Exception <a 'java/lang/NoSuchMethodError'{0x00000000fefc2d20}: 'java.lang.Object java.lang.invoke.Invokers$Holder.invokeExact_MT(java.lang.Object, java.lang.Object, java.lang.Object, java.lang.Object)'> (0x00000000fefc2d20) 
thrown [s\open\src\hotspot\share\interpreter\linkResolver.cpp, line 759]
Event: 0.512 Thread 0x000001fc2a828f50 Exception <a 'java/lang/NoSuchMethodError'{0x00000000fefee590}: 'java.lang.Object java.lang.invoke.DirectMethodHandle$Holder.invokeVirtual(java.lang.Object, java.lang.Object, java.lang.Object)'> (0x00000000fefee590) 
thrown [s\open\src\hotspot\share\interpreter\linkResolver.cpp, line 759]
Event: 0.560 Thread 0x000001fc2a828f50 Exception <a 'java/lang/NoSuchMethodError'{0x00000000febfd4c0}: 'java.lang.Object java.lang.invoke.DirectMethodHandle$Holder.newInvokeSpecial(java.lang.Object, java.lang.Object, java.lang.Object, java.lang.Object, java.lang.Object)'> (0x00000000febfd4c0) 
thrown [s\open\src\hotspot\share\interpreter\linkResolver.cpp, line 759]
Event: 0.574 Thread 0x000001fc2a828f50 Exception <a 'java/lang/NoSuchMethodError'{0x00000000fe92b8c8}: 'void java.lang.invoke.DirectMethodHandle$Holder.invokeSpecial(java.lang.Object, java.lang.Object, java.lang.Object)'> (0x00000000fe92b8c8) 
thrown [s\open\src\hotspot\share\interpreter\linkResolver.cpp, line 759]
Event: 0.661 Thread 0x000001fc2a828f50 Exception <a 'java/lang/NoSuchMethodError'{0x00000000fe591fb0}: 'void java.lang.invoke.DirectMethodHandle$Holder.invokeStatic(java.lang.Object, java.lang.Object, java.lang.Object)'> (0x00000000fe591fb0) 
thrown [s\open\src\hotspot\share\interpreter\linkResolver.cpp, line 759]
Event: 0.691 Thread 0x000001fc2a828f50 Exception <a 'java/lang/NoSuchMethodError'{0x00000000fe27a748}: 'java.lang.Object java.lang.invoke.DirectMethodHandle$Holder.newInvokeSpecial(java.lang.Object, java.lang.Object, java.lang.Object, java.lang.Object, java.lang.Object, java.lang.Object, java.lang.Object, java.lang.Object, java.lang.Object, java.lang.Object, java.lang.Object, java.lang.Object, java.lang.Object, java.lang.Object, java.lang.Object, java.lang.Object, java.lang.Object, java.lang.Object, java.lang.Object, java.lang.Object, java.lang
Event: 0.692 Thread 0x000001fc2a828f50 Exception <a 'java/lang/NoSuchMethodError'{0x00000000fe286fe8}: 'java.lang.Object java.lang.invoke.Invokers$Holder.linkToTargetMethod(java.lang.Object, java.lang.Object, java.lang.Object, java.lang.Object, java.lang.Object, java.lang.Object, java.lang.Object, java.lang.Object, java.lang.Object, java.lang.Object, java.lang.Object, java.lang.Object, java.lang.Object, java.lang.Object, java.lang.Object, java.lang.Object, java.lang.Object, java.lang.Object, java.lang.Object, java.lang.Object, java.lang.Object,
Event: 0.717 Thread 0x000001fc2a828f50 Exception <a 'java/lang/NoSuchMethodError'{0x00000000fe0ec6f8}: 'java.lang.Object java.lang.invoke.DirectMethodHandle$Holder.invokeStaticInit(java.lang.Object, int, int, int, int)'> (0x00000000fe0ec6f8) 
thrown [s\open\src\hotspot\share\interpreter\linkResolver.cpp, line 759]
Event: 0.740 Thread 0x000001fc2a828f50 Exception <a 'java/lang/NoSuchMethodError'{0x00000000ffff3e88}: 'java.lang.Object java.lang.invoke.DirectMethodHandle$Holder.invokeStaticInit(java.lang.Object, java.lang.Object, int, int, int, int)'> (0x00000000ffff3e88) 
thrown [s\open\src\hotspot\share\interpreter\linkResolver.cpp, line 759]
Event: 0.752 Thread 0x000001fc2a828f50 Implicit null exception at 0x000001fc3b3d5cf2 to 0x000001fc3b3d62c0

VM Operations (20 events):
Event: 1.939 Executing VM operation: Cleanup
Event: 1.940 Executing VM operation: Cleanup done
Event: 2.736 Executing VM operation: HandshakeAllThreads
Event: 2.736 Executing VM operation: HandshakeAllThreads done
Event: 3.736 Executing VM operation: Cleanup
Event: 3.736 Executing VM operation: Cleanup done
Event: 4.736 Executing VM operation: Cleanup
Event: 4.736 Executing VM operation: Cleanup done
Event: 5.746 Executing VM operation: Cleanup
Event: 5.746 Executing VM operation: Cleanup done
Event: 6.759 Executing VM operation: Cleanup
Event: 6.759 Executing VM operation: Cleanup done
Event: 7.766 Executing VM operation: Cleanup
Event: 7.766 Executing VM operation: Cleanup done
Event: 8.767 Executing VM operation: Cleanup
Event: 8.767 Executing VM operation: Cleanup done
Event: 9.778 Executing VM operation: Cleanup
Event: 9.778 Executing VM operation: Cleanup done
Event: 10.789 Executing VM operation: Cleanup
Event: 10.789 Executing VM operation: Cleanup done

Events (20 events):
Event: 10.846 loading class java/io/ObjectStreamClass done
Event: 10.848 loading class sun/reflect/misc/ReflectUtil
Event: 10.848 loading class sun/reflect/misc/ReflectUtil done
Event: 10.848 loading class jdk/internal/event/DeserializationEvent
Event: 10.848 loading class jdk/internal/event/DeserializationEvent done
Event: 10.849 loading class java/io/ObjectStreamClass$Caches
Event: 10.849 loading class java/io/ObjectStreamClass$Caches done
Event: 10.849 loading class java/io/ObjectStreamClass$Caches$1
Event: 10.849 loading class java/io/ClassCache
Event: 10.849 loading class java/io/ClassCache done
Event: 10.849 loading class java/io/ObjectStreamClass$Caches$1 done
Event: 10.849 loading class java/io/ClassCache$1
Event: 10.849 loading class java/io/ClassCache$1 done
Event: 10.849 loading class java/io/ObjectStreamClass$Caches$2
Event: 10.849 loading class java/io/ObjectStreamClass$Caches$2 done
Event: 10.849 loading class java/io/ClassCache$CacheRef
Event: 10.849 loading class java/io/ClassCache$CacheRef done
Event: 10.849 loading class java/io/Externalizable
Event: 10.849 loading class java/io/Externalizable done
Event: 10.849 loading class java/io/ObjectStreamClass$2


Dynamic libraries:
0x00007ff648500000 - 0x00007ff648510000 	C:\Program Files\Java\jdk-17\bin\java.exe
0x00007ff8ea590000 - 0x00007ff8ea7a7000 	C:\Windows\SYSTEM32\ntdll.dll
0x00007ff8e9830000 - 0x00007ff8e98f4000 	C:\Windows\System32\KERNEL32.DLL
0x00007ff8e7730000 - 0x00007ff8e7b02000 	C:\Windows\System32\KERNELBASE.dll
0x00007ff8e7c50000 - 0x00007ff8e7d61000 	C:\Windows\System32\ucrtbase.dll
0x00007ff8c1b60000 - 0x00007ff8c1b79000 	C:\Program Files\Java\jdk-17\bin\jli.dll
0x00007ff8c3a10000 - 0x00007ff8c3a2b000 	C:\Program Files\Java\jdk-17\bin\VCRUNTIME140.dll
0x00007ff8e9d90000 - 0x00007ff8e9e41000 	C:\Windows\System32\ADVAPI32.dll
0x00007ff8e92a0000 - 0x00007ff8e9347000 	C:\Windows\System32\msvcrt.dll
0x00007ff8e82b0000 - 0x00007ff8e8358000 	C:\Windows\System32\sechost.dll
0x00007ff8e7f80000 - 0x00007ff8e7fa8000 	C:\Windows\System32\bcrypt.dll
0x00007ff8e9620000 - 0x00007ff8e9734000 	C:\Windows\System32\RPCRT4.dll
0x00007ff8e9350000 - 0x00007ff8e9501000 	C:\Windows\System32\USER32.dll
0x00007ff8e7680000 - 0x00007ff8e76a6000 	C:\Windows\System32\win32u.dll
0x00007ff8d0910000 - 0x00007ff8d0bab000 	C:\Windows\WinSxS\amd64_microsoft.windows.common-controls_6595b64144ccf1df_6.0.22621.5547_none_27104afb73855772\COMCTL32.dll
0x00007ff8e9fe0000 - 0x00007ff8ea009000 	C:\Windows\System32\GDI32.dll
0x00007ff8e7fb0000 - 0x00007ff8e80d3000 	C:\Windows\System32\gdi32full.dll
0x00007ff8e7d70000 - 0x00007ff8e7e0a000 	C:\Windows\System32\msvcp_win.dll
0x00007ff8dceb0000 - 0x00007ff8dceba000 	C:\Windows\SYSTEM32\VERSION.dll
0x00007ff8e9900000 - 0x00007ff8e9931000 	C:\Windows\System32\IMM32.DLL
0x00007ff8d3760000 - 0x00007ff8d376c000 	C:\Program Files\Java\jdk-17\bin\vcruntime140_1.dll
0x00007ff884c70000 - 0x00007ff884cfe000 	C:\Program Files\Java\jdk-17\bin\msvcp140.dll
0x00007ff8725c0000 - 0x00007ff8731a0000 	C:\Program Files\Java\jdk-17\bin\server\jvm.dll
0x00007ff8e8220000 - 0x00007ff8e8228000 	C:\Windows\System32\PSAPI.DLL
0x00007ff8dff30000 - 0x00007ff8dff39000 	C:\Windows\SYSTEM32\WSOCK32.dll
0x00007ff8ea490000 - 0x00007ff8ea501000 	C:\Windows\System32\WS2_32.dll
0x00007ff8e1a30000 - 0x00007ff8e1a64000 	C:\Windows\SYSTEM32\WINMM.dll
0x00007ff8e66b0000 - 0x00007ff8e66c8000 	C:\Windows\SYSTEM32\kernel.appcore.dll
0x00007ff8d04e0000 - 0x00007ff8d04ea000 	C:\Program Files\Java\jdk-17\bin\jimage.dll
0x00007ff8d7fe0000 - 0x00007ff8d8213000 	C:\Windows\SYSTEM32\DBGHELP.DLL
0x00007ff8e8e90000 - 0x00007ff8e9223000 	C:\Windows\System32\combase.dll
0x00007ff8e8db0000 - 0x00007ff8e8e87000 	C:\Windows\System32\OLEAUT32.dll
0x00007ff8e0660000 - 0x00007ff8e0692000 	C:\Windows\SYSTEM32\dbgcore.DLL
0x00007ff8e76b0000 - 0x00007ff8e772b000 	C:\Windows\System32\bcryptPrimitives.dll
0x00007ff885ac0000 - 0x00007ff885ae5000 	C:\Program Files\Java\jdk-17\bin\java.dll
0x00007ff883510000 - 0x00007ff8835e7000 	C:\Program Files\Java\jdk-17\bin\jsvml.dll
0x00007ff8e8360000 - 0x00007ff8e8c02000 	C:\Windows\System32\SHELL32.dll
0x00007ff8e80e0000 - 0x00007ff8e821f000 	C:\Windows\System32\wintypes.dll
0x00007ff8e55b0000 - 0x00007ff8e5ecd000 	C:\Windows\SYSTEM32\windows.storage.dll
0x00007ff8e9510000 - 0x00007ff8e961c000 	C:\Windows\System32\SHCORE.dll
0x00007ff8e9230000 - 0x00007ff8e9299000 	C:\Windows\System32\shlwapi.dll
0x00007ff8e75b0000 - 0x00007ff8e75db000 	C:\Windows\SYSTEM32\profapi.dll
0x00007ff8add00000 - 0x00007ff8add19000 	C:\Program Files\Java\jdk-17\bin\net.dll
0x00007ff8e1750000 - 0x00007ff8e187c000 	C:\Windows\SYSTEM32\WINHTTP.dll
0x00007ff8e6b30000 - 0x00007ff8e6b99000 	C:\Windows\system32\mswsock.dll
0x00007ff8aa3a0000 - 0x00007ff8aa3b6000 	C:\Program Files\Java\jdk-17\bin\nio.dll
0x00007ff89a3f0000 - 0x00007ff89a408000 	C:\Program Files\Java\jdk-17\bin\zip.dll
0x00007ff8d0200000 - 0x00007ff8d0210000 	C:\Program Files\Java\jdk-17\bin\verify.dll
0x00007ff8cf5f0000 - 0x00007ff8cf5fa000 	C:\Program Files\Java\jdk-17\bin\management.dll
0x00007ff8cdf60000 - 0x00007ff8cdf6b000 	C:\Program Files\Java\jdk-17\bin\management_ext.dll
0x00007ff885a90000 - 0x00007ff885ab7000 	C:\Users\Victor\.gradle\native\1def1411415f61bf3af743bc5b6707747c0891f09f0c88961ee8f79bc544acac\windows-amd64\native-platform.dll
0x00007ff8c4010000 - 0x00007ff8c401a000 	C:\Users\Victor\.gradle\native\jansi\1.18\windows64\jansi.dll
0x00007ff8e6170000 - 0x00007ff8e619d000 	C:\Windows\SYSTEM32\IPHLPAPI.DLL
0x00007ff8e9940000 - 0x00007ff8e9949000 	C:\Windows\System32\NSI.dll
0x00007ff8e1600000 - 0x00007ff8e1619000 	C:\Windows\SYSTEM32\dhcpcsvc6.DLL
0x00007ff8e15e0000 - 0x00007ff8e15ff000 	C:\Windows\SYSTEM32\dhcpcsvc.DLL
0x00007ff8e61a0000 - 0x00007ff8e6298000 	C:\Windows\SYSTEM32\DNSAPI.dll
0x00007ff8e6d80000 - 0x00007ff8e6d9b000 	C:\Windows\SYSTEM32\CRYPTSP.dll
0x00007ff8e6610000 - 0x00007ff8e6647000 	C:\Windows\system32\rsaenh.dll
0x00007ff8e6c20000 - 0x00007ff8e6c48000 	C:\Windows\SYSTEM32\USERENV.dll
0x00007ff8e6da0000 - 0x00007ff8e6dac000 	C:\Windows\SYSTEM32\CRYPTBASE.dll
0x00007ff8c43e0000 - 0x00007ff8c43ee000 	C:\Program Files\Java\jdk-17\bin\sunmscapi.dll
0x00007ff8e7e10000 - 0x00007ff8e7f77000 	C:\Windows\System32\CRYPT32.dll
0x00007ff8e6f40000 - 0x00007ff8e6f6d000 	C:\Windows\SYSTEM32\ncrypt.dll
0x00007ff8e6f00000 - 0x00007ff8e6f37000 	C:\Windows\SYSTEM32\NTASN1.dll
0x00007ff8e18d0000 - 0x00007ff8e18d8000 	C:\Windows\system32\wshunix.dll

dbghelp: loaded successfully - version: 4.0.5 - missing functions: none
symbol engine: initialized successfully - sym options: 0x614 - pdb path: .;C:\Program Files\Java\jdk-17\bin;C:\Windows\SYSTEM32;C:\Windows\WinSxS\amd64_microsoft.windows.common-controls_6595b64144ccf1df_6.0.22621.5547_none_27104afb73855772;C:\Program Files\Java\jdk-17\bin\server;C:\Users\Victor\.gradle\native\1def1411415f61bf3af743bc5b6707747c0891f09f0c88961ee8f79bc544acac\windows-amd64;C:\Users\Victor\.gradle\native\jansi\1.18\windows64

VM Arguments:
jvm_args: -Xmx64m -Xms64m -Dorg.gradle.appname=gradlew 
java_command: C:\Users\Victor\Documents\Freela\parceladiaria\android\\gradle\wrapper\gradle-wrapper.jar app:assembleDebug -x lint -x test --configure-on-demand --build-cache -PreactNativeDevServerPort=8081 -PreactNativeArchitectures=arm64-v8a,armeabi-v7a
java_class_path (initial): C:\Users\Victor\Documents\Freela\parceladiaria\android\\gradle\wrapper\gradle-wrapper.jar
Launcher Type: SUN_STANDARD

[Global flags]
     intx CICompilerCount                          = 4                                         {product} {ergonomic}
     uint ConcGCThreads                            = 3                                         {product} {ergonomic}
     uint G1ConcRefinementThreads                  = 10                                        {product} {ergonomic}
   size_t G1HeapRegionSize                         = 1048576                                   {product} {ergonomic}
    uintx GCDrainStackTargetSize                   = 64                                        {product} {ergonomic}
   size_t InitialHeapSize                          = 67108864                                  {product} {command line}
   size_t MarkStackSize                            = 4194304                                   {product} {ergonomic}
   size_t MaxHeapSize                              = 67108864                                  {product} {command line}
   size_t MaxNewSize                               = 39845888                                  {product} {ergonomic}
   size_t MinHeapDeltaBytes                        = 1048576                                   {product} {ergonomic}
   size_t MinHeapSize                              = 67108864                                  {product} {command line}
    uintx NonNMethodCodeHeapSize                   = 5839372                                {pd product} {ergonomic}
    uintx NonProfiledCodeHeapSize                  = 122909434                              {pd product} {ergonomic}
    uintx ProfiledCodeHeapSize                     = 122909434                              {pd product} {ergonomic}
    uintx ReservedCodeCacheSize                    = 251658240                              {pd product} {ergonomic}
     bool SegmentedCodeCache                       = true                                      {product} {ergonomic}
   size_t SoftMaxHeapSize                          = 67108864                               {manageable} {ergonomic}
     bool UseCompressedClassPointers               = true                           {product lp64_product} {ergonomic}
     bool UseCompressedOops                        = true                           {product lp64_product} {ergonomic}
     bool UseG1GC                                  = true                                      {product} {ergonomic}
     bool UseLargePagesIndividualAllocation        = false                                  {pd product} {ergonomic}

Logging:
Log output configuration:
 #0: stdout all=warning uptime,level,tags
 #1: stderr all=off uptime,level,tags

Environment Variables:
JAVA_HOME=C:\Program Files\Java\jdk-17
PATH=C:\Users\Victor\Documents\Freela\parceladiaria\node_modules\.bin;C:\Users\Victor\Documents\Freela\parceladiaria\node_modules\.bin;C:\Users\Victor\Documents\Freela\node_modules\.bin;C:\Users\Victor\Documents\node_modules\.bin;C:\Users\Victor\node_modules\.bin;C:\Users\node_modules\.bin;C:\node_modules\.bin;C:\Users\Victor\AppData\Roaming\nvm\v22.16.0\node_modules\npm\node_modules\@npmcli\run-script\lib\node-gyp-bin;C:\Program Files\PowerShell\7;C:\Program Files (x86)\NVIDIA Corporation\PhysX\Common;c:\Users\Victor\AppData\Local\Programs\cursor\resources\app\bin;C:\Program Files\Common Files\Oracle\Java\javapath;C:\Program Files\Eclipse Adoptium\jdk-17.0.13.11-hotspot\bin;C:\Program Files\OpenLogic\jdk-17.0.14.7-hotspot\bin;C:\Windows\system32;C:\Windows;C:\Windows\System32\Wbem;C:\Windows\System32\WindowsPowerShell\v1.0\;C:\Windows\System32\OpenSSH\;C:\Program Files\Git\cmd;C:\Users\Victor\AppData\Roaming\nvm;C:\Program Files\nodejs;C:\zig;C:\Program Files\Go\bin;C:\Users\Victor\AppData\Local\Android\Sdk\tools;C:\Users\Victor\AppData\Local\Android\Sdk\platform-tools;C:\ProgramData\chocolatey\bin;C:\Users\Victor\AppData\Roaming\Python\Scripts;C:\Program Files\Java\jdk-17\bin;C:\Users\Victor\AppData\Local\Programs\Python\Python311\Scripts\;C:\Users\Victor\AppData\Local\Programs\Python\Python311;C:\Users\Victor\.console-ninja\.bin;C:\Users\Victor\AppData\Local\Microsoft\WindowsApps;C:\Users\Victor\AppData\Roaming\nvm;C:\Program Fi;C:\Program Files\dotnet\;C:\ffmpeg\bin;C:\Program Files\OpenSSL-Win64\bin;C:\Program Files\PowerShell\7\;C:\Program Files\Docker\Docker\resources\bin;C:\Users\Victor\AppData\Local\Programs\Python\Python313\Scripts\;C:\Users\Victor\AppData\Local\Programs\Python\Python313\;C:\Users\Victor\.console-ninja\.bin;c:\Users\Victor\AppData\Local\Programs\Trae\bin;C:\Users\Victor\.cargo\bin;C:\Users\Victor\AppData\Local\Microsoft\WindowsApps;C:\Users\Victor\AppData\Local\Programs\Microsoft VS Code\bin;C:\Users\Victor\AppData\Roaming\nvm;C:\Program File
USERNAME=Victor
LANG=en_US.UTF-8
OS=Windows_NT
PROCESSOR_IDENTIFIER=AMD64 Family 25 Model 80 Stepping 0, AuthenticAMD



---------------  S Y S T E M  ---------------

OS:
 Windows 11 , 64 bit Build 22621 (10.0.22621.5415)
OS uptime: 0 days 4:31 hours

CPU: total 12 (initial active 12) (12 cores per cpu, 2 threads per core) family 25 model 80 stepping 0 microcode 0x0, cx8, cmov, fxsr, ht, mmx, 3dnowpref, sse, sse2, sse3, ssse3, sse4a, sse4.1, sse4.2, popcnt, lzcnt, tsc, tscinvbit, avx, avx2, aes, erms, clmul, bmi1, bmi2, adx, sha, fma, vzeroupper, clflush, clflushopt

Memory: 4k page, system-wide physical 15665M (4436M free)
TotalPageFile size 23857M (AvailPageFile size 11M)
current process WorkingSet (physical memory assigned to process): 19M, peak: 114M
current process commit charge ("private bytes"): 169M, peak: 181M

vm_info: Java HotSpot(TM) 64-Bit Server VM (17.0.12+8-LTS-286) for windows-amd64 JRE (17.0.12+8-LTS-286), built on Jun  5 2024 06:46:59 by "mach5one" with MS VC++ 17.6 (VS2022)

END.
